[Mon Sep 28 22:19:44.688496 2020] [ssl:warn] [pid 7788:tid 732] AH01906: main-serveur:443:0 server certificate is a CA certificate (BasicConstraints: CA == TRUE !?)
[Mon Sep 28 22:19:44.689492 2020] [ssl:warn] [pid 7788:tid 732] AH01909: main-serveur:443:0 server certificate does NOT include an ID which matches the server name
[Mon Sep 28 22:19:45.831547 2020] [ssl:warn] [pid 7788:tid 732] AH01873: Init: Session Cache is not configured [hint: SSLSessionCache]
[Mon Sep 28 22:19:45.832545 2020] [ssl:warn] [pid 7788:tid 732] AH01906: main-serveur:443:0 server certificate is a CA certificate (BasicConstraints: CA == TRUE !?)
[Mon Sep 28 22:19:45.832545 2020] [ssl:warn] [pid 7788:tid 732] AH01909: main-serveur:443:0 server certificate does NOT include an ID which matches the server name
[Mon Sep 28 22:19:46.488792 2020] [mpm_winnt:notice] [pid 7788:tid 732] AH00455: Apache/2.4.18 (Win32) OpenSSL/1.0.2f PHP/5.6.18 configured -- resuming normal operations
[Mon Sep 28 22:19:46.488792 2020] [mpm_winnt:notice] [pid 7788:tid 732] AH00456: Server built: Jan 28 2016 09:58:25
[Mon Sep 28 22:19:46.488792 2020] [core:notice] [pid 7788:tid 732] AH00094: Command line: 'D:\\UwAmp\\UwAmp\\bin\\apache\\bin\\httpd.exe -d D:/UwAmp/UwAmp/bin/apache -f D:\\UwAmp\\UwAmp\\bin\\apache\\conf\\httpd.conf'
[Mon Sep 28 22:19:46.500760 2020] [mpm_winnt:notice] [pid 7788:tid 732] AH00418: Parent: Created child process 13480
[Mon Sep 28 22:19:47.600823 2020] [ssl:warn] [pid 13480:tid 640] AH01906: main-serveur:443:0 server certificate is a CA certificate (BasicConstraints: CA == TRUE !?)
[Mon Sep 28 22:19:47.602824 2020] [ssl:warn] [pid 13480:tid 640] AH01909: main-serveur:443:0 server certificate does NOT include an ID which matches the server name
[Mon Sep 28 22:19:47.816246 2020] [ssl:warn] [pid 13480:tid 640] AH01873: Init: Session Cache is not configured [hint: SSLSessionCache]
[Mon Sep 28 22:19:47.816246 2020] [ssl:warn] [pid 13480:tid 640] AH01906: main-serveur:443:0 server certificate is a CA certificate (BasicConstraints: CA == TRUE !?)
[Mon Sep 28 22:19:47.816246 2020] [ssl:warn] [pid 13480:tid 640] AH01909: main-serveur:443:0 server certificate does NOT include an ID which matches the server name
[Mon Sep 28 22:19:47.865116 2020] [mpm_winnt:notice] [pid 13480:tid 640] AH00354: Child: Starting 64 worker threads.
[Mon Sep 28 22:24:42.219458 2020] [:error] [pid 13480:tid 1356] [client ::1:53891] PHP Warning:  phpinfo(): It is not safe to rely on the system's timezone settings. You are *required* to use the date.timezone setting or the date_default_timezone_set() function. In case you used any of those methods and you are still getting this warning, you most likely misspelled the timezone identifier. We selected the timezone 'UTC' for now, but please set date.timezone to select your timezone. in D:\\UwAmp\\UwAmp\\phpapps\\uwamp\\phpinfo.php on line 3
[Mon Sep 28 22:24:42.219458 2020] [:error] [pid 13480:tid 1356] [client ::1:53891] PHP Stack trace:
[Mon Sep 28 22:24:42.219458 2020] [:error] [pid 13480:tid 1356] [client ::1:53891] PHP   1. {main}() D:\\UwAmp\\UwAmp\\phpapps\\uwamp\\phpinfo.php:0
[Mon Sep 28 22:24:42.219458 2020] [:error] [pid 13480:tid 1356] [client ::1:53891] PHP   2. phpinfo() D:\\UwAmp\\UwAmp\\phpapps\\uwamp\\phpinfo.php:3
[Mon Sep 28 22:24:50.715018 2020] [:error] [pid 13480:tid 1328] [client ::1:53890] PHP Warning:  file_put_contents(D:\\UwAmp\\UwAmp\\www\\prestashop001/var/cache/prod\\cacert.pem): failed to open stream: No such file or directory in D:\\UwAmp\\UwAmp\\www\\prestashop001\\classes\\Tools.php on line 2118, referer: http://localhost/
[Mon Sep 28 22:24:50.715018 2020] [:error] [pid 13480:tid 1328] [client ::1:53890] PHP Stack trace:, referer: http://localhost/
[Mon Sep 28 22:24:50.715018 2020] [:error] [pid 13480:tid 1328] [client ::1:53890] PHP   1. {main}() D:\\UwAmp\\UwAmp\\www\\prestashop001\\install\\index.php:0, referer: http://localhost/
[Mon Sep 28 22:24:50.715018 2020] [:error] [pid 13480:tid 1328] [client ::1:53890] PHP   2. InstallControllerHttp::execute() D:\\UwAmp\\UwAmp\\www\\prestashop001\\install\\index.php:48, referer: http://localhost/
[Mon Sep 28 22:24:50.715018 2020] [:error] [pid 13480:tid 1328] [client ::1:53890] PHP   3. InstallControllerHttpWelcome->display() D:\\UwAmp\\UwAmp\\www\\prestashop001\\install\\classes\\controllerHttp.php:267, referer: http://localhost/
[Mon Sep 28 22:24:50.715018 2020] [:error] [pid 13480:tid 1328] [client ::1:53890] PHP   4. InstallControllerHttp->displayTemplate() D:\\UwAmp\\UwAmp\\www\\prestashop001\\install\\controllers\\http\\welcome.php:74, referer: http://localhost/
[Mon Sep 28 22:24:50.715018 2020] [:error] [pid 13480:tid 1328] [client ::1:53890] PHP   5. include() D:\\UwAmp\\UwAmp\\www\\prestashop001\\install\\classes\\controllerHttp.php:478, referer: http://localhost/
[Mon Sep 28 22:24:50.715018 2020] [:error] [pid 13480:tid 1328] [client ::1:53890] PHP   6. InstallControllerHttp->displayTemplate() D:\\UwAmp\\UwAmp\\www\\prestashop001\\install\\theme\\views\\welcome.php:26, referer: http://localhost/
[Mon Sep 28 22:24:50.715018 2020] [:error] [pid 13480:tid 1328] [client ::1:53890] PHP   7. include() D:\\UwAmp\\UwAmp\\www\\prestashop001\\install\\classes\\controllerHttp.php:478, referer: http://localhost/
[Mon Sep 28 22:24:50.715018 2020] [:error] [pid 13480:tid 1328] [client ::1:53890] PHP   8. InstallControllerHttp->getPhone() D:\\UwAmp\\UwAmp\\www\\prestashop001\\install\\theme\\views\\header.php:42, referer: http://localhost/
[Mon Sep 28 22:24:50.715018 2020] [:error] [pid 13480:tid 1328] [client ::1:53890] PHP   9. ToolsCore::file_get_contents() D:\\UwAmp\\UwAmp\\www\\prestashop001\\install\\classes\\controllerHttp.php:359, referer: http://localhost/
[Mon Sep 28 22:24:50.716015 2020] [:error] [pid 13480:tid 1328] [client ::1:53890] PHP  10. ToolsCore::file_get_contents_curl() D:\\UwAmp\\UwAmp\\www\\prestashop001\\classes\\Tools.php:2235, referer: http://localhost/
[Mon Sep 28 22:24:50.716015 2020] [:error] [pid 13480:tid 1328] [client ::1:53890] PHP  11. ToolsCore::refreshCACertFile() D:\\UwAmp\\UwAmp\\www\\prestashop001\\classes\\Tools.php:2131, referer: http://localhost/
[Mon Sep 28 22:24:50.716015 2020] [:error] [pid 13480:tid 1328] [client ::1:53890] PHP  12. file_put_contents() D:\\UwAmp\\UwAmp\\www\\prestashop001\\classes\\Tools.php:2118, referer: http://localhost/
[Mon Sep 28 22:27:09.483291 2020] [:error] [pid 13480:tid 1360] [client ::1:53911] PHP Warning:  phpinfo(): It is not safe to rely on the system's timezone settings. You are *required* to use the date.timezone setting or the date_default_timezone_set() function. In case you used any of those methods and you are still getting this warning, you most likely misspelled the timezone identifier. We selected the timezone 'UTC' for now, but please set date.timezone to select your timezone. in D:\\UwAmp\\UwAmp\\phpapps\\uwamp\\phpinfo.php on line 3
[Mon Sep 28 22:27:09.483291 2020] [:error] [pid 13480:tid 1360] [client ::1:53911] PHP Stack trace:
[Mon Sep 28 22:27:09.483291 2020] [:error] [pid 13480:tid 1360] [client ::1:53911] PHP   1. {main}() D:\\UwAmp\\UwAmp\\phpapps\\uwamp\\phpinfo.php:0
[Mon Sep 28 22:27:09.484287 2020] [:error] [pid 13480:tid 1360] [client ::1:53911] PHP   2. phpinfo() D:\\UwAmp\\UwAmp\\phpapps\\uwamp\\phpinfo.php:3
[Mon Sep 28 22:30:24.371583 2020] [:error] [pid 13480:tid 1360] [client ::1:53966] PHP Warning:  phpinfo(): It is not safe to rely on the system's timezone settings. You are *required* to use the date.timezone setting or the date_default_timezone_set() function. In case you used any of those methods and you are still getting this warning, you most likely misspelled the timezone identifier. We selected the timezone 'UTC' for now, but please set date.timezone to select your timezone. in D:\\UwAmp\\UwAmp\\phpapps\\uwamp\\phpinfo.php on line 3
[Mon Sep 28 22:30:24.371583 2020] [:error] [pid 13480:tid 1360] [client ::1:53966] PHP Stack trace:
[Mon Sep 28 22:30:24.371583 2020] [:error] [pid 13480:tid 1360] [client ::1:53966] PHP   1. {main}() D:\\UwAmp\\UwAmp\\phpapps\\uwamp\\phpinfo.php:0
[Mon Sep 28 22:30:24.371583 2020] [:error] [pid 13480:tid 1360] [client ::1:53966] PHP   2. phpinfo() D:\\UwAmp\\UwAmp\\phpapps\\uwamp\\phpinfo.php:3
[Mon Sep 28 22:36:42.060945 2020] [:error] [pid 13480:tid 1360] [client ::1:54062] PHP Warning:  phpinfo(): It is not safe to rely on the system's timezone settings. You are *required* to use the date.timezone setting or the date_default_timezone_set() function. In case you used any of those methods and you are still getting this warning, you most likely misspelled the timezone identifier. We selected the timezone 'UTC' for now, but please set date.timezone to select your timezone. in D:\\UwAmp\\UwAmp\\phpapps\\uwamp\\phpinfo.php on line 3
[Mon Sep 28 22:36:42.060945 2020] [:error] [pid 13480:tid 1360] [client ::1:54062] PHP Stack trace:
[Mon Sep 28 22:36:42.060945 2020] [:error] [pid 13480:tid 1360] [client ::1:54062] PHP   1. {main}() D:\\UwAmp\\UwAmp\\phpapps\\uwamp\\phpinfo.php:0
[Mon Sep 28 22:36:42.060945 2020] [:error] [pid 13480:tid 1360] [client ::1:54062] PHP   2. phpinfo() D:\\UwAmp\\UwAmp\\phpapps\\uwamp\\phpinfo.php:3
[Mon Sep 28 23:01:49.127108 2020] [:error] [pid 13480:tid 1352] [client ::1:54176] PHP Warning:  phpinfo(): It is not safe to rely on the system's timezone settings. You are *required* to use the date.timezone setting or the date_default_timezone_set() function. In case you used any of those methods and you are still getting this warning, you most likely misspelled the timezone identifier. We selected the timezone 'UTC' for now, but please set date.timezone to select your timezone. in D:\\UwAmp\\UwAmp\\phpapps\\uwamp\\phpinfo.php on line 3
[Mon Sep 28 23:01:49.127108 2020] [:error] [pid 13480:tid 1352] [client ::1:54176] PHP Stack trace:
[Mon Sep 28 23:01:49.127108 2020] [:error] [pid 13480:tid 1352] [client ::1:54176] PHP   1. {main}() D:\\UwAmp\\UwAmp\\phpapps\\uwamp\\phpinfo.php:0
[Mon Sep 28 23:01:49.127108 2020] [:error] [pid 13480:tid 1352] [client ::1:54176] PHP   2. phpinfo() D:\\UwAmp\\UwAmp\\phpapps\\uwamp\\phpinfo.php:3
[Mon Sep 28 23:07:49.436314 2020] [:error] [pid 13480:tid 1360] [client ::1:54259] PHP Warning:  phpinfo(): It is not safe to rely on the system's timezone settings. You are *required* to use the date.timezone setting or the date_default_timezone_set() function. In case you used any of those methods and you are still getting this warning, you most likely misspelled the timezone identifier. We selected the timezone 'UTC' for now, but please set date.timezone to select your timezone. in D:\\UwAmp\\UwAmp\\phpapps\\uwamp\\phpinfo.php on line 3
[Mon Sep 28 23:07:49.436314 2020] [:error] [pid 13480:tid 1360] [client ::1:54259] PHP Stack trace:
[Mon Sep 28 23:07:49.436314 2020] [:error] [pid 13480:tid 1360] [client ::1:54259] PHP   1. {main}() D:\\UwAmp\\UwAmp\\phpapps\\uwamp\\phpinfo.php:0
[Mon Sep 28 23:07:49.436314 2020] [:error] [pid 13480:tid 1360] [client ::1:54259] PHP   2. phpinfo() D:\\UwAmp\\UwAmp\\phpapps\\uwamp\\phpinfo.php:3
[Mon Sep 28 23:14:16.615820 2020] [:error] [pid 13480:tid 1360] [client ::1:54332] PHP Warning:  phpinfo(): It is not safe to rely on the system's timezone settings. You are *required* to use the date.timezone setting or the date_default_timezone_set() function. In case you used any of those methods and you are still getting this warning, you most likely misspelled the timezone identifier. We selected the timezone 'UTC' for now, but please set date.timezone to select your timezone. in D:\\UwAmp\\UwAmp\\phpapps\\uwamp\\phpinfo.php on line 3
[Mon Sep 28 23:14:16.615820 2020] [:error] [pid 13480:tid 1360] [client ::1:54332] PHP Stack trace:
[Mon Sep 28 23:14:16.615820 2020] [:error] [pid 13480:tid 1360] [client ::1:54332] PHP   1. {main}() D:\\UwAmp\\UwAmp\\phpapps\\uwamp\\phpinfo.php:0
[Mon Sep 28 23:14:16.615820 2020] [:error] [pid 13480:tid 1360] [client ::1:54332] PHP   2. phpinfo() D:\\UwAmp\\UwAmp\\phpapps\\uwamp\\phpinfo.php:3
[Mon Sep 28 23:21:47.368388 2020] [:error] [pid 13480:tid 1360] [client ::1:54383] PHP Warning:  phpinfo(): It is not safe to rely on the system's timezone settings. You are *required* to use the date.timezone setting or the date_default_timezone_set() function. In case you used any of those methods and you are still getting this warning, you most likely misspelled the timezone identifier. We selected the timezone 'UTC' for now, but please set date.timezone to select your timezone. in D:\\UwAmp\\UwAmp\\phpapps\\uwamp\\phpinfo.php on line 3
[Mon Sep 28 23:21:47.368388 2020] [:error] [pid 13480:tid 1360] [client ::1:54383] PHP Stack trace:
[Mon Sep 28 23:21:47.368388 2020] [:error] [pid 13480:tid 1360] [client ::1:54383] PHP   1. {main}() D:\\UwAmp\\UwAmp\\phpapps\\uwamp\\phpinfo.php:0
[Mon Sep 28 23:21:47.368388 2020] [:error] [pid 13480:tid 1360] [client ::1:54383] PHP   2. phpinfo() D:\\UwAmp\\UwAmp\\phpapps\\uwamp\\phpinfo.php:3
[Mon Sep 28 23:25:42.263863 2020] [:error] [pid 13480:tid 1356] [client ::1:54395] PHP Warning:  phpinfo(): It is not safe to rely on the system's timezone settings. You are *required* to use the date.timezone setting or the date_default_timezone_set() function. In case you used any of those methods and you are still getting this warning, you most likely misspelled the timezone identifier. We selected the timezone 'UTC' for now, but please set date.timezone to select your timezone. in D:\\UwAmp\\UwAmp\\phpapps\\uwamp\\phpinfo.php on line 3
[Mon Sep 28 23:25:42.263863 2020] [:error] [pid 13480:tid 1356] [client ::1:54395] PHP Stack trace:
[Mon Sep 28 23:25:42.263863 2020] [:error] [pid 13480:tid 1356] [client ::1:54395] PHP   1. {main}() D:\\UwAmp\\UwAmp\\phpapps\\uwamp\\phpinfo.php:0
[Mon Sep 28 23:25:42.264294 2020] [:error] [pid 13480:tid 1356] [client ::1:54395] PHP   2. phpinfo() D:\\UwAmp\\UwAmp\\phpapps\\uwamp\\phpinfo.php:3
[Mon Sep 28 23:25:58.751744 2020] [:error] [pid 13480:tid 1360] [client ::1:54399] PHP Warning:  phpinfo(): It is not safe to rely on the system's timezone settings. You are *required* to use the date.timezone setting or the date_default_timezone_set() function. In case you used any of those methods and you are still getting this warning, you most likely misspelled the timezone identifier. We selected the timezone 'UTC' for now, but please set date.timezone to select your timezone. in D:\\UwAmp\\UwAmp\\phpapps\\uwamp\\phpinfo.php on line 3
[Mon Sep 28 23:25:58.751744 2020] [:error] [pid 13480:tid 1360] [client ::1:54399] PHP Stack trace:
[Mon Sep 28 23:25:58.751744 2020] [:error] [pid 13480:tid 1360] [client ::1:54399] PHP   1. {main}() D:\\UwAmp\\UwAmp\\phpapps\\uwamp\\phpinfo.php:0
[Mon Sep 28 23:25:58.751744 2020] [:error] [pid 13480:tid 1360] [client ::1:54399] PHP   2. phpinfo() D:\\UwAmp\\UwAmp\\phpapps\\uwamp\\phpinfo.php:3
[Mon Sep 28 23:26:02.624451 2020] [:error] [pid 13480:tid 1372] [client ::1:54389] PHP Fatal error:  Maximum execution time of 30 seconds exceeded in D:\\UwAmp\\UwAmp\\www\\prestashop001\\vendor\\symfony\\symfony\\src\\Symfony\\Component\\DependencyInjection\\Compiler\\ServiceReferenceGraph.php on line 99, referer: http://localhost/prestashop001/install/index.php?restart=true
[Mon Sep 28 23:26:02.624451 2020] [:error] [pid 13480:tid 1372] [client ::1:54389] PHP Stack trace:, referer: http://localhost/prestashop001/install/index.php?restart=true
[Mon Sep 28 23:26:02.624451 2020] [:error] [pid 13480:tid 1372] [client ::1:54389] PHP   1. {main}() D:\\UwAmp\\UwAmp\\www\\prestashop001\\admin\\index.php:0, referer: http://localhost/prestashop001/install/index.php?restart=true
[Mon Sep 28 23:26:02.624451 2020] [:error] [pid 13480:tid 1372] [client ::1:54389] PHP   2. Symfony\\Component\\HttpKernel\\Kernel->handle() D:\\UwAmp\\UwAmp\\www\\prestashop001\\admin\\index.php:86, referer: http://localhost/prestashop001/install/index.php?restart=true
[Mon Sep 28 23:26:02.624451 2020] [:error] [pid 13480:tid 1372] [client ::1:54389] PHP   3. Symfony\\Component\\HttpKernel\\Kernel->boot() D:\\UwAmp\\UwAmp\\www\\prestashop001\\vendor\\symfony\\symfony\\src\\Symfony\\Component\\HttpKernel\\Kernel.php:195, referer: http://localhost/prestashop001/install/index.php?restart=true
[Mon Sep 28 23:26:02.624451 2020] [:error] [pid 13480:tid 1372] [client ::1:54389] PHP   4. Symfony\\Component\\HttpKernel\\Kernel->initializeContainer() D:\\UwAmp\\UwAmp\\www\\prestashop001\\vendor\\symfony\\symfony\\src\\Symfony\\Component\\HttpKernel\\Kernel.php:135, referer: http://localhost/prestashop001/install/index.php?restart=true
[Mon Sep 28 23:26:02.624451 2020] [:error] [pid 13480:tid 1372] [client ::1:54389] PHP   5. Symfony\\Component\\DependencyInjection\\ContainerBuilder->compile() D:\\UwAmp\\UwAmp\\www\\prestashop001\\vendor\\symfony\\symfony\\src\\Symfony\\Component\\HttpKernel\\Kernel.php:637, referer: http://localhost/prestashop001/install/index.php?restart=true
[Mon Sep 28 23:26:02.624451 2020] [:error] [pid 13480:tid 1372] [client ::1:54389] PHP   6. Symfony\\Component\\DependencyInjection\\Compiler\\Compiler->compile() D:\\UwAmp\\UwAmp\\www\\prestashop001\\vendor\\symfony\\symfony\\src\\Symfony\\Component\\DependencyInjection\\ContainerBuilder.php:790, referer: http://localhost/prestashop001/install/index.php?restart=true
[Mon Sep 28 23:26:02.624451 2020] [:error] [pid 13480:tid 1372] [client ::1:54389] PHP   7. Symfony\\Component\\DependencyInjection\\Compiler\\AnalyzeServiceReferencesPass->process() D:\\UwAmp\\UwAmp\\www\\prestashop001\\vendor\\symfony\\symfony\\src\\Symfony\\Component\\DependencyInjection\\Compiler\\Compiler.php:141, referer: http://localhost/prestashop001/install/index.php?restart=true
[Mon Sep 28 23:26:02.624451 2020] [:error] [pid 13480:tid 1372] [client ::1:54389] PHP   8. Symfony\\Component\\DependencyInjection\\Compiler\\AbstractRecursivePass->process() D:\\UwAmp\\UwAmp\\www\\prestashop001\\vendor\\symfony\\symfony\\src\\Symfony\\Component\\DependencyInjection\\Compiler\\AnalyzeServiceReferencesPass.php:75, referer: http://localhost/prestashop001/install/index.php?restart=true
[Mon Sep 28 23:26:02.624451 2020] [:error] [pid 13480:tid 1372] [client ::1:54389] PHP   9. Symfony\\Component\\DependencyInjection\\Compiler\\AnalyzeServiceReferencesPass->processValue() D:\\UwAmp\\UwAmp\\www\\prestashop001\\vendor\\symfony\\symfony\\src\\Symfony\\Component\\DependencyInjection\\Compiler\\AbstractRecursivePass.php:39, referer: http://localhost/prestashop001/install/index.php?restart=true
[Mon Sep 28 23:26:02.624451 2020] [:error] [pid 13480:tid 1372] [client ::1:54389] PHP  10. Symfony\\Component\\DependencyInjection\\Compiler\\AbstractRecursivePass->processValue() D:\\UwAmp\\UwAmp\\www\\prestashop001\\vendor\\symfony\\symfony\\src\\Symfony\\Component\\DependencyInjection\\Compiler\\AnalyzeServiceReferencesPass.php:112, referer: http://localhost/prestashop001/install/index.php?restart=true
[Mon Sep 28 23:26:02.624451 2020] [:error] [pid 13480:tid 1372] [client ::1:54389] PHP  11. Symfony\\Component\\DependencyInjection\\Compiler\\AnalyzeServiceReferencesPass->processValue() D:\\UwAmp\\UwAmp\\www\\prestashop001\\vendor\\symfony\\symfony\\src\\Symfony\\Component\\DependencyInjection\\Compiler\\AbstractRecursivePass.php:60, referer: http://localhost/prestashop001/install/index.php?restart=true
[Mon Sep 28 23:26:02.624451 2020] [:error] [pid 13480:tid 1372] [client ::1:54389] PHP  12. Symfony\\Component\\DependencyInjection\\Compiler\\AnalyzeServiceReferencesPass->processValue() D:\\UwAmp\\UwAmp\\www\\prestashop001\\vendor\\symfony\\symfony\\src\\Symfony\\Component\\DependencyInjection\\Compiler\\AnalyzeServiceReferencesPass.php:127, referer: http://localhost/prestashop001/install/index.php?restart=true
[Mon Sep 28 23:26:02.624451 2020] [:error] [pid 13480:tid 1372] [client ::1:54389] PHP  13. Symfony\\Component\\DependencyInjection\\Compiler\\AbstractRecursivePass->processValue() D:\\UwAmp\\UwAmp\\www\\prestashop001\\vendor\\symfony\\symfony\\src\\Symfony\\Component\\DependencyInjection\\Compiler\\AnalyzeServiceReferencesPass.php:112, referer: http://localhost/prestashop001/install/index.php?restart=true
[Mon Sep 28 23:26:02.624451 2020] [:error] [pid 13480:tid 1372] [client ::1:54389] PHP  14. Symfony\\Component\\DependencyInjection\\Compiler\\AnalyzeServiceReferencesPass->processValue() D:\\UwAmp\\UwAmp\\www\\prestashop001\\vendor\\symfony\\symfony\\src\\Symfony\\Component\\DependencyInjection\\Compiler\\AbstractRecursivePass.php:60, referer: http://localhost/prestashop001/install/index.php?restart=true
[Mon Sep 28 23:26:02.624451 2020] [:error] [pid 13480:tid 1372] [client ::1:54389] PHP  15. Symfony\\Component\\DependencyInjection\\Compiler\\AbstractRecursivePass->processValue() D:\\UwAmp\\UwAmp\\www\\prestashop001\\vendor\\symfony\\symfony\\src\\Symfony\\Component\\DependencyInjection\\Compiler\\AnalyzeServiceReferencesPass.php:84, referer: http://localhost/prestashop001/install/index.php?restart=true
[Mon Sep 28 23:26:02.624451 2020] [:error] [pid 13480:tid 1372] [client ::1:54389] PHP  16. Symfony\\Component\\DependencyInjection\\Compiler\\AnalyzeServiceReferencesPass->processValue() D:\\UwAmp\\UwAmp\\www\\prestashop001\\vendor\\symfony\\symfony\\src\\Symfony\\Component\\DependencyInjection\\Compiler\\AbstractRecursivePass.php:60, referer: http://localhost/prestashop001/install/index.php?restart=true
[Mon Sep 28 23:26:02.625435 2020] [:error] [pid 13480:tid 1372] [client ::1:54389] PHP  17. Symfony\\Component\\DependencyInjection\\Compiler\\ServiceReferenceGraph->connect() D:\\UwAmp\\UwAmp\\www\\prestashop001\\vendor\\symfony\\symfony\\src\\Symfony\\Component\\DependencyInjection\\Compiler\\AnalyzeServiceReferencesPass.php:107, referer: http://localhost/prestashop001/install/index.php?restart=true
[Mon Sep 28 23:26:37.518885 2020] [:error] [pid 13480:tid 1352] [client ::1:54407] PHP Warning:  phpinfo(): It is not safe to rely on the system's timezone settings. You are *required* to use the date.timezone setting or the date_default_timezone_set() function. In case you used any of those methods and you are still getting this warning, you most likely misspelled the timezone identifier. We selected the timezone 'UTC' for now, but please set date.timezone to select your timezone. in D:\\UwAmp\\UwAmp\\phpapps\\uwamp\\phpinfo.php on line 3
[Mon Sep 28 23:26:37.518885 2020] [:error] [pid 13480:tid 1352] [client ::1:54407] PHP Stack trace:
[Mon Sep 28 23:26:37.518885 2020] [:error] [pid 13480:tid 1352] [client ::1:54407] PHP   1. {main}() D:\\UwAmp\\UwAmp\\phpapps\\uwamp\\phpinfo.php:0
[Mon Sep 28 23:26:37.518885 2020] [:error] [pid 13480:tid 1352] [client ::1:54407] PHP   2. phpinfo() D:\\UwAmp\\UwAmp\\phpapps\\uwamp\\phpinfo.php:3
[Mon Sep 28 23:26:46.399026 2020] [:error] [pid 13480:tid 1356] [client ::1:54402] PHP Fatal error:  Maximum execution time of 30 seconds exceeded in D:\\UwAmp\\UwAmp\\www\\prestashop001\\vendor\\symfony\\symfony\\src\\Symfony\\Component\\DependencyInjection\\Definition.php on line 690, referer: http://localhost/prestashop001/install/index.php?restart=true
[Mon Sep 28 23:26:46.399026 2020] [:error] [pid 13480:tid 1356] [client ::1:54402] PHP Stack trace:, referer: http://localhost/prestashop001/install/index.php?restart=true
[Mon Sep 28 23:26:46.399026 2020] [:error] [pid 13480:tid 1356] [client ::1:54402] PHP   1. {main}() D:\\UwAmp\\UwAmp\\www\\prestashop001\\admin\\index.php:0, referer: http://localhost/prestashop001/install/index.php?restart=true
[Mon Sep 28 23:26:46.399026 2020] [:error] [pid 13480:tid 1356] [client ::1:54402] PHP   2. Symfony\\Component\\HttpKernel\\Kernel->handle() D:\\UwAmp\\UwAmp\\www\\prestashop001\\admin\\index.php:86, referer: http://localhost/prestashop001/install/index.php?restart=true
[Mon Sep 28 23:26:46.399026 2020] [:error] [pid 13480:tid 1356] [client ::1:54402] PHP   3. Symfony\\Component\\HttpKernel\\Kernel->boot() D:\\UwAmp\\UwAmp\\www\\prestashop001\\vendor\\symfony\\symfony\\src\\Symfony\\Component\\HttpKernel\\Kernel.php:195, referer: http://localhost/prestashop001/install/index.php?restart=true
[Mon Sep 28 23:26:46.399026 2020] [:error] [pid 13480:tid 1356] [client ::1:54402] PHP   4. Symfony\\Component\\HttpKernel\\Kernel->initializeContainer() D:\\UwAmp\\UwAmp\\www\\prestashop001\\vendor\\symfony\\symfony\\src\\Symfony\\Component\\HttpKernel\\Kernel.php:135, referer: http://localhost/prestashop001/install/index.php?restart=true
[Mon Sep 28 23:26:46.399026 2020] [:error] [pid 13480:tid 1356] [client ::1:54402] PHP   5. Symfony\\Component\\DependencyInjection\\ContainerBuilder->compile() D:\\UwAmp\\UwAmp\\www\\prestashop001\\vendor\\symfony\\symfony\\src\\Symfony\\Component\\HttpKernel\\Kernel.php:637, referer: http://localhost/prestashop001/install/index.php?restart=true
[Mon Sep 28 23:26:46.399026 2020] [:error] [pid 13480:tid 1356] [client ::1:54402] PHP   6. Symfony\\Component\\DependencyInjection\\Compiler\\Compiler->compile() D:\\UwAmp\\UwAmp\\www\\prestashop001\\vendor\\symfony\\symfony\\src\\Symfony\\Component\\DependencyInjection\\ContainerBuilder.php:790, referer: http://localhost/prestashop001/install/index.php?restart=true
[Mon Sep 28 23:26:46.399026 2020] [:error] [pid 13480:tid 1356] [client ::1:54402] PHP   7. Symfony\\Component\\DependencyInjection\\Compiler\\RepeatedPass->process() D:\\UwAmp\\UwAmp\\www\\prestashop001\\vendor\\symfony\\symfony\\src\\Symfony\\Component\\DependencyInjection\\Compiler\\Compiler.php:141, referer: http://localhost/prestashop001/install/index.php?restart=true
[Mon Sep 28 23:26:46.399026 2020] [:error] [pid 13480:tid 1356] [client ::1:54402] PHP   8. Symfony\\Component\\DependencyInjection\\Compiler\\AnalyzeServiceReferencesPass->process() D:\\UwAmp\\UwAmp\\www\\prestashop001\\vendor\\symfony\\symfony\\src\\Symfony\\Component\\DependencyInjection\\Compiler\\RepeatedPass.php:57, referer: http://localhost/prestashop001/install/index.php?restart=true
[Mon Sep 28 23:26:46.399026 2020] [:error] [pid 13480:tid 1356] [client ::1:54402] PHP   9. Symfony\\Component\\DependencyInjection\\Compiler\\AbstractRecursivePass->process() D:\\UwAmp\\UwAmp\\www\\prestashop001\\vendor\\symfony\\symfony\\src\\Symfony\\Component\\DependencyInjection\\Compiler\\AnalyzeServiceReferencesPass.php:75, referer: http://localhost/prestashop001/install/index.php?restart=true
[Mon Sep 28 23:26:46.399657 2020] [:error] [pid 13480:tid 1356] [client ::1:54402] PHP  10. Symfony\\Component\\DependencyInjection\\Compiler\\AnalyzeServiceReferencesPass->processValue() D:\\UwAmp\\UwAmp\\www\\prestashop001\\vendor\\symfony\\symfony\\src\\Symfony\\Component\\DependencyInjection\\Compiler\\AbstractRecursivePass.php:39, referer: http://localhost/prestashop001/install/index.php?restart=true
[Mon Sep 28 23:26:46.399657 2020] [:error] [pid 13480:tid 1356] [client ::1:54402] PHP  11. Symfony\\Component\\DependencyInjection\\Compiler\\AbstractRecursivePass->processValue() D:\\UwAmp\\UwAmp\\www\\prestashop001\\vendor\\symfony\\symfony\\src\\Symfony\\Component\\DependencyInjection\\Compiler\\AnalyzeServiceReferencesPass.php:112, referer: http://localhost/prestashop001/install/index.php?restart=true
[Mon Sep 28 23:26:46.399657 2020] [:error] [pid 13480:tid 1356] [client ::1:54402] PHP  12. Symfony\\Component\\DependencyInjection\\Compiler\\AnalyzeServiceReferencesPass->processValue() D:\\UwAmp\\UwAmp\\www\\prestashop001\\vendor\\symfony\\symfony\\src\\Symfony\\Component\\DependencyInjection\\Compiler\\AbstractRecursivePass.php:60, referer: http://localhost/prestashop001/install/index.php?restart=true
[Mon Sep 28 23:26:46.399657 2020] [:error] [pid 13480:tid 1356] [client ::1:54402] PHP  13. Symfony\\Component\\DependencyInjection\\Definition->isSynthetic() D:\\UwAmp\\UwAmp\\www\\prestashop001\\vendor\\symfony\\symfony\\src\\Symfony\\Component\\DependencyInjection\\Compiler\\AnalyzeServiceReferencesPass.php:115, referer: http://localhost/prestashop001/install/index.php?restart=true
[Mon Sep 28 23:28:00.413451 2020] [:error] [pid 13480:tid 1352] [client ::1:54410] PHP Fatal error:  Maximum execution time of 30 seconds exceeded in D:\\UwAmp\\UwAmp\\www\\prestashop001\\vendor\\symfony\\symfony\\src\\Symfony\\Component\\DependencyInjection\\Dumper\\PhpDumper.php on line 478, referer: http://localhost/prestashop001/install/index.php?restart=true
[Mon Sep 28 23:28:00.413451 2020] [:error] [pid 13480:tid 1352] [client ::1:54410] PHP Stack trace:, referer: http://localhost/prestashop001/install/index.php?restart=true
[Mon Sep 28 23:28:00.413451 2020] [:error] [pid 13480:tid 1352] [client ::1:54410] PHP   1. {main}() D:\\UwAmp\\UwAmp\\www\\prestashop001\\admin\\index.php:0, referer: http://localhost/prestashop001/install/index.php?restart=true
[Mon Sep 28 23:28:00.413451 2020] [:error] [pid 13480:tid 1352] [client ::1:54410] PHP   2. Symfony\\Component\\HttpKernel\\Kernel->handle() D:\\UwAmp\\UwAmp\\www\\prestashop001\\admin\\index.php:86, referer: http://localhost/prestashop001/install/index.php?restart=true
[Mon Sep 28 23:28:00.413451 2020] [:error] [pid 13480:tid 1352] [client ::1:54410] PHP   3. Symfony\\Component\\HttpKernel\\Kernel->boot() D:\\UwAmp\\UwAmp\\www\\prestashop001\\vendor\\symfony\\symfony\\src\\Symfony\\Component\\HttpKernel\\Kernel.php:195, referer: http://localhost/prestashop001/install/index.php?restart=true
[Mon Sep 28 23:28:00.413451 2020] [:error] [pid 13480:tid 1352] [client ::1:54410] PHP   4. Symfony\\Component\\HttpKernel\\Kernel->initializeContainer() D:\\UwAmp\\UwAmp\\www\\prestashop001\\vendor\\symfony\\symfony\\src\\Symfony\\Component\\HttpKernel\\Kernel.php:135, referer: http://localhost/prestashop001/install/index.php?restart=true
[Mon Sep 28 23:28:00.413451 2020] [:error] [pid 13480:tid 1352] [client ::1:54410] PHP   5. Symfony\\Component\\HttpKernel\\Kernel->dumpContainer() D:\\UwAmp\\UwAmp\\www\\prestashop001\\vendor\\symfony\\symfony\\src\\Symfony\\Component\\HttpKernel\\Kernel.php:659, referer: http://localhost/prestashop001/install/index.php?restart=true
[Mon Sep 28 23:28:00.413451 2020] [:error] [pid 13480:tid 1352] [client ::1:54410] PHP   6. Symfony\\Component\\DependencyInjection\\Dumper\\PhpDumper->dump() D:\\UwAmp\\UwAmp\\www\\prestashop001\\vendor\\symfony\\symfony\\src\\Symfony\\Component\\HttpKernel\\Kernel.php:855, referer: http://localhost/prestashop001/install/index.php?restart=true
[Mon Sep 28 23:28:00.413451 2020] [:error] [pid 13480:tid 1352] [client ::1:54410] PHP   7. Symfony\\Component\\DependencyInjection\\Dumper\\PhpDumper::generateServiceFiles() D:\\UwAmp\\UwAmp\\www\\prestashop001\\vendor\\symfony\\symfony\\src\\Symfony\\Component\\HttpKernel\\Kernel.php:225, referer: http://localhost/prestashop001/install/index.php?restart=true
[Mon Sep 28 23:28:00.413451 2020] [:error] [pid 13480:tid 1352] [client ::1:54410] PHP   8. Symfony\\Component\\DependencyInjection\\Dumper\\PhpDumper->addService() D:\\UwAmp\\UwAmp\\www\\prestashop001\\vendor\\symfony\\symfony\\src\\Symfony\\Component\\DependencyInjection\\Dumper\\PhpDumper.php:865, referer: http://localhost/prestashop001/install/index.php?restart=true
[Mon Sep 28 23:28:00.413451 2020] [:error] [pid 13480:tid 1352] [client ::1:54410] PHP   9. Symfony\\Component\\DependencyInjection\\Dumper\\PhpDumper->addInlineService() D:\\UwAmp\\UwAmp\\www\\prestashop001\\vendor\\symfony\\symfony\\src\\Symfony\\Component\\DependencyInjection\\Dumper\\PhpDumper.php:706, referer: http://localhost/prestashop001/install/index.php?restart=true
[Mon Sep 28 23:28:00.413451 2020] [:error] [pid 13480:tid 1352] [client ::1:54410] PHP  10. Symfony\\Component\\DependencyInjection\\Dumper\\PhpDumper->addServiceInstance() D:\\UwAmp\\UwAmp\\www\\prestashop001\\vendor\\symfony\\symfony\\src\\Symfony\\Component\\DependencyInjection\\Dumper\\PhpDumper.php:812, referer: http://localhost/prestashop001/install/index.php?restart=true
[Mon Sep 28 23:28:03.258053 2020] [:error] [pid 13480:tid 1352] [client ::1:54411] PHP Warning:  phpinfo(): It is not safe to rely on the system's timezone settings. You are *required* to use the date.timezone setting or the date_default_timezone_set() function. In case you used any of those methods and you are still getting this warning, you most likely misspelled the timezone identifier. We selected the timezone 'UTC' for now, but please set date.timezone to select your timezone. in D:\\UwAmp\\UwAmp\\phpapps\\uwamp\\phpinfo.php on line 3
[Mon Sep 28 23:28:03.258053 2020] [:error] [pid 13480:tid 1352] [client ::1:54411] PHP Stack trace:
[Mon Sep 28 23:28:03.258053 2020] [:error] [pid 13480:tid 1352] [client ::1:54411] PHP   1. {main}() D:\\UwAmp\\UwAmp\\phpapps\\uwamp\\phpinfo.php:0
[Mon Sep 28 23:28:03.258053 2020] [:error] [pid 13480:tid 1352] [client ::1:54411] PHP   2. phpinfo() D:\\UwAmp\\UwAmp\\phpapps\\uwamp\\phpinfo.php:3
[Mon Sep 28 23:28:34.767000 2020] [:error] [pid 13480:tid 1352] [client ::1:54411] PHP Fatal error:  Maximum execution time of 30 seconds exceeded in D:\\UwAmp\\UwAmp\\www\\prestashop001\\vendor\\symfony\\symfony\\src\\Symfony\\Component\\DependencyInjection\\Compiler\\DefinitionErrorExceptionPass.php on line 29, referer: http://localhost/prestashop001/install/index.php?restart=true
[Mon Sep 28 23:28:34.768001 2020] [:error] [pid 13480:tid 1352] [client ::1:54411] PHP Stack trace:, referer: http://localhost/prestashop001/install/index.php?restart=true
[Mon Sep 28 23:28:34.768001 2020] [:error] [pid 13480:tid 1352] [client ::1:54411] PHP   1. {main}() D:\\UwAmp\\UwAmp\\www\\prestashop001\\admin\\index.php:0, referer: http://localhost/prestashop001/install/index.php?restart=true
[Mon Sep 28 23:28:34.768001 2020] [:error] [pid 13480:tid 1352] [client ::1:54411] PHP   2. Symfony\\Component\\HttpKernel\\Kernel->handle() D:\\UwAmp\\UwAmp\\www\\prestashop001\\admin\\index.php:86, referer: http://localhost/prestashop001/install/index.php?restart=true
[Mon Sep 28 23:28:34.768001 2020] [:error] [pid 13480:tid 1352] [client ::1:54411] PHP   3. Symfony\\Component\\HttpKernel\\Kernel->boot() D:\\UwAmp\\UwAmp\\www\\prestashop001\\vendor\\symfony\\symfony\\src\\Symfony\\Component\\HttpKernel\\Kernel.php:195, referer: http://localhost/prestashop001/install/index.php?restart=true
[Mon Sep 28 23:28:34.768993 2020] [:error] [pid 13480:tid 1352] [client ::1:54411] PHP   4. Symfony\\Component\\HttpKernel\\Kernel->initializeContainer() D:\\UwAmp\\UwAmp\\www\\prestashop001\\vendor\\symfony\\symfony\\src\\Symfony\\Component\\HttpKernel\\Kernel.php:135, referer: http://localhost/prestashop001/install/index.php?restart=true
[Mon Sep 28 23:28:34.768993 2020] [:error] [pid 13480:tid 1352] [client ::1:54411] PHP   5. Symfony\\Component\\DependencyInjection\\ContainerBuilder->compile() D:\\UwAmp\\UwAmp\\www\\prestashop001\\vendor\\symfony\\symfony\\src\\Symfony\\Component\\HttpKernel\\Kernel.php:637, referer: http://localhost/prestashop001/install/index.php?restart=true
[Mon Sep 28 23:28:34.769407 2020] [:error] [pid 13480:tid 1352] [client ::1:54411] PHP   6. Symfony\\Component\\DependencyInjection\\Compiler\\Compiler->compile() D:\\UwAmp\\UwAmp\\www\\prestashop001\\vendor\\symfony\\symfony\\src\\Symfony\\Component\\DependencyInjection\\ContainerBuilder.php:790, referer: http://localhost/prestashop001/install/index.php?restart=true
[Mon Sep 28 23:28:34.769407 2020] [:error] [pid 13480:tid 1352] [client ::1:54411] PHP   7. Symfony\\Component\\DependencyInjection\\Compiler\\AbstractRecursivePass->process() D:\\UwAmp\\UwAmp\\www\\prestashop001\\vendor\\symfony\\symfony\\src\\Symfony\\Component\\DependencyInjection\\Compiler\\Compiler.php:141, referer: http://localhost/prestashop001/install/index.php?restart=true
[Mon Sep 28 23:28:34.769407 2020] [:error] [pid 13480:tid 1352] [client ::1:54411] PHP   8. Symfony\\Component\\DependencyInjection\\Compiler\\DefinitionErrorExceptionPass->processValue() D:\\UwAmp\\UwAmp\\www\\prestashop001\\vendor\\symfony\\symfony\\src\\Symfony\\Component\\DependencyInjection\\Compiler\\AbstractRecursivePass.php:39, referer: http://localhost/prestashop001/install/index.php?restart=true
[Mon Sep 28 23:28:34.769407 2020] [:error] [pid 13480:tid 1352] [client ::1:54411] PHP   9. Symfony\\Component\\DependencyInjection\\Compiler\\AbstractRecursivePass->processValue() D:\\UwAmp\\UwAmp\\www\\prestashop001\\vendor\\symfony\\symfony\\src\\Symfony\\Component\\DependencyInjection\\Compiler\\DefinitionErrorExceptionPass.php:30, referer: http://localhost/prestashop001/install/index.php?restart=true
[Mon Sep 28 23:28:34.769407 2020] [:error] [pid 13480:tid 1352] [client ::1:54411] PHP  10. Symfony\\Component\\DependencyInjection\\Compiler\\DefinitionErrorExceptionPass->processValue() D:\\UwAmp\\UwAmp\\www\\prestashop001\\vendor\\symfony\\symfony\\src\\Symfony\\Component\\DependencyInjection\\Compiler\\AbstractRecursivePass.php:60, referer: http://localhost/prestashop001/install/index.php?restart=true
[Mon Sep 28 23:30:40.259919 2020] [:error] [pid 13480:tid 1360] [client ::1:54431] PHP Fatal error:  Maximum execution time of 30 seconds exceeded in D:\\UwAmp\\UwAmp\\www\\prestashop001\\vendor\\symfony\\symfony\\src\\Symfony\\Component\\DependencyInjection\\Compiler\\AbstractRecursivePass.php on line 64
[Mon Sep 28 23:30:40.259919 2020] [:error] [pid 13480:tid 1360] [client ::1:54431] PHP Stack trace:
[Mon Sep 28 23:30:40.259919 2020] [:error] [pid 13480:tid 1360] [client ::1:54431] PHP   1. {main}() D:\\UwAmp\\UwAmp\\www\\prestashop001\\admin\\index.php:0
[Mon Sep 28 23:30:40.259919 2020] [:error] [pid 13480:tid 1360] [client ::1:54431] PHP   2. Symfony\\Component\\HttpKernel\\Kernel->handle() D:\\UwAmp\\UwAmp\\www\\prestashop001\\admin\\index.php:86
[Mon Sep 28 23:30:40.259919 2020] [:error] [pid 13480:tid 1360] [client ::1:54431] PHP   3. Symfony\\Component\\HttpKernel\\Kernel->boot() D:\\UwAmp\\UwAmp\\www\\prestashop001\\vendor\\symfony\\symfony\\src\\Symfony\\Component\\HttpKernel\\Kernel.php:195
[Mon Sep 28 23:30:40.259919 2020] [:error] [pid 13480:tid 1360] [client ::1:54431] PHP   4. Symfony\\Component\\HttpKernel\\Kernel->initializeContainer() D:\\UwAmp\\UwAmp\\www\\prestashop001\\vendor\\symfony\\symfony\\src\\Symfony\\Component\\HttpKernel\\Kernel.php:135
[Mon Sep 28 23:30:40.259919 2020] [:error] [pid 13480:tid 1360] [client ::1:54431] PHP   5. Symfony\\Component\\DependencyInjection\\ContainerBuilder->compile() D:\\UwAmp\\UwAmp\\www\\prestashop001\\vendor\\symfony\\symfony\\src\\Symfony\\Component\\HttpKernel\\Kernel.php:637
[Mon Sep 28 23:30:40.259919 2020] [:error] [pid 13480:tid 1360] [client ::1:54431] PHP   6. Symfony\\Component\\DependencyInjection\\Compiler\\Compiler->compile() D:\\UwAmp\\UwAmp\\www\\prestashop001\\vendor\\symfony\\symfony\\src\\Symfony\\Component\\DependencyInjection\\ContainerBuilder.php:790
[Mon Sep 28 23:30:40.259919 2020] [:error] [pid 13480:tid 1360] [client ::1:54431] PHP   7. Symfony\\Component\\DependencyInjection\\Compiler\\RepeatedPass->process() D:\\UwAmp\\UwAmp\\www\\prestashop001\\vendor\\symfony\\symfony\\src\\Symfony\\Component\\DependencyInjection\\Compiler\\Compiler.php:141
[Mon Sep 28 23:30:40.259919 2020] [:error] [pid 13480:tid 1360] [client ::1:54431] PHP   8. Symfony\\Component\\DependencyInjection\\Compiler\\AnalyzeServiceReferencesPass->process() D:\\UwAmp\\UwAmp\\www\\prestashop001\\vendor\\symfony\\symfony\\src\\Symfony\\Component\\DependencyInjection\\Compiler\\RepeatedPass.php:57
[Mon Sep 28 23:30:40.259919 2020] [:error] [pid 13480:tid 1360] [client ::1:54431] PHP   9. Symfony\\Component\\DependencyInjection\\Compiler\\AbstractRecursivePass->process() D:\\UwAmp\\UwAmp\\www\\prestashop001\\vendor\\symfony\\symfony\\src\\Symfony\\Component\\DependencyInjection\\Compiler\\AnalyzeServiceReferencesPass.php:75
[Mon Sep 28 23:30:40.259919 2020] [:error] [pid 13480:tid 1360] [client ::1:54431] PHP  10. Symfony\\Component\\DependencyInjection\\Compiler\\AnalyzeServiceReferencesPass->processValue() D:\\UwAmp\\UwAmp\\www\\prestashop001\\vendor\\symfony\\symfony\\src\\Symfony\\Component\\DependencyInjection\\Compiler\\AbstractRecursivePass.php:39
[Mon Sep 28 23:30:40.259919 2020] [:error] [pid 13480:tid 1360] [client ::1:54431] PHP  11. Symfony\\Component\\DependencyInjection\\Compiler\\AbstractRecursivePass->processValue() D:\\UwAmp\\UwAmp\\www\\prestashop001\\vendor\\symfony\\symfony\\src\\Symfony\\Component\\DependencyInjection\\Compiler\\AnalyzeServiceReferencesPass.php:112
[Mon Sep 28 23:30:40.259919 2020] [:error] [pid 13480:tid 1360] [client ::1:54431] PHP  12. Symfony\\Component\\DependencyInjection\\Compiler\\AnalyzeServiceReferencesPass->processValue() D:\\UwAmp\\UwAmp\\www\\prestashop001\\vendor\\symfony\\symfony\\src\\Symfony\\Component\\DependencyInjection\\Compiler\\AbstractRecursivePass.php:60
[Mon Sep 28 23:30:40.259919 2020] [:error] [pid 13480:tid 1360] [client ::1:54431] PHP  13. Symfony\\Component\\DependencyInjection\\Compiler\\AnalyzeServiceReferencesPass->processValue() D:\\UwAmp\\UwAmp\\www\\prestashop001\\vendor\\symfony\\symfony\\src\\Symfony\\Component\\DependencyInjection\\Compiler\\AnalyzeServiceReferencesPass.php:127
[Mon Sep 28 23:30:40.259919 2020] [:error] [pid 13480:tid 1360] [client ::1:54431] PHP  14. Symfony\\Component\\DependencyInjection\\Compiler\\AbstractRecursivePass->processValue() D:\\UwAmp\\UwAmp\\www\\prestashop001\\vendor\\symfony\\symfony\\src\\Symfony\\Component\\DependencyInjection\\Compiler\\AnalyzeServiceReferencesPass.php:112
[Mon Sep 28 23:30:40.259919 2020] [:error] [pid 13480:tid 1360] [client ::1:54431] PHP  15. Symfony\\Component\\DependencyInjection\\Compiler\\AnalyzeServiceReferencesPass->processValue() D:\\UwAmp\\UwAmp\\www\\prestashop001\\vendor\\symfony\\symfony\\src\\Symfony\\Component\\DependencyInjection\\Compiler\\AbstractRecursivePass.php:60
[Mon Sep 28 23:30:40.259919 2020] [:error] [pid 13480:tid 1360] [client ::1:54431] PHP  16. Symfony\\Component\\DependencyInjection\\Compiler\\AbstractRecursivePass->processValue() D:\\UwAmp\\UwAmp\\www\\prestashop001\\vendor\\symfony\\symfony\\src\\Symfony\\Component\\DependencyInjection\\Compiler\\AnalyzeServiceReferencesPass.php:112
[Mon Sep 28 23:30:40.259919 2020] [:error] [pid 13480:tid 1360] [client ::1:54431] PHP  17. Symfony\\Component\\DependencyInjection\\Compiler\\AnalyzeServiceReferencesPass->processValue() D:\\UwAmp\\UwAmp\\www\\prestashop001\\vendor\\symfony\\symfony\\src\\Symfony\\Component\\DependencyInjection\\Compiler\\AbstractRecursivePass.php:60
[Mon Sep 28 23:30:40.259919 2020] [:error] [pid 13480:tid 1360] [client ::1:54431] PHP  18. Symfony\\Component\\DependencyInjection\\Compiler\\AbstractRecursivePass->processValue() D:\\UwAmp\\UwAmp\\www\\prestashop001\\vendor\\symfony\\symfony\\src\\Symfony\\Component\\DependencyInjection\\Compiler\\AnalyzeServiceReferencesPass.php:112
[Mon Sep 28 23:31:15.249881 2020] [:error] [pid 13480:tid 1360] [client ::1:54433] PHP Fatal error:  Maximum execution time of 30 seconds exceeded in D:\\UwAmp\\UwAmp\\www\\prestashop001\\vendor\\symfony\\symfony\\src\\Symfony\\Component\\DependencyInjection\\ContainerBuilder.php on line 1510, referer: http://localhost/prestashop001/install/index.php?restart=true
[Mon Sep 28 23:31:15.249881 2020] [:error] [pid 13480:tid 1360] [client ::1:54433] PHP Stack trace:, referer: http://localhost/prestashop001/install/index.php?restart=true
[Mon Sep 28 23:31:15.249881 2020] [:error] [pid 13480:tid 1360] [client ::1:54433] PHP   1. {main}() D:\\UwAmp\\UwAmp\\www\\prestashop001\\admin\\index.php:0, referer: http://localhost/prestashop001/install/index.php?restart=true
[Mon Sep 28 23:31:15.249881 2020] [:error] [pid 13480:tid 1360] [client ::1:54433] PHP   2. Symfony\\Component\\HttpKernel\\Kernel->handle() D:\\UwAmp\\UwAmp\\www\\prestashop001\\admin\\index.php:86, referer: http://localhost/prestashop001/install/index.php?restart=true
[Mon Sep 28 23:31:15.249881 2020] [:error] [pid 13480:tid 1360] [client ::1:54433] PHP   3. Symfony\\Component\\HttpKernel\\Kernel->boot() D:\\UwAmp\\UwAmp\\www\\prestashop001\\vendor\\symfony\\symfony\\src\\Symfony\\Component\\HttpKernel\\Kernel.php:195, referer: http://localhost/prestashop001/install/index.php?restart=true
[Mon Sep 28 23:31:15.249881 2020] [:error] [pid 13480:tid 1360] [client ::1:54433] PHP   4. Symfony\\Component\\HttpKernel\\Kernel->initializeContainer() D:\\UwAmp\\UwAmp\\www\\prestashop001\\vendor\\symfony\\symfony\\src\\Symfony\\Component\\HttpKernel\\Kernel.php:135, referer: http://localhost/prestashop001/install/index.php?restart=true
[Mon Sep 28 23:31:15.249881 2020] [:error] [pid 13480:tid 1360] [client ::1:54433] PHP   5. Symfony\\Component\\DependencyInjection\\ContainerBuilder->compile() D:\\UwAmp\\UwAmp\\www\\prestashop001\\vendor\\symfony\\symfony\\src\\Symfony\\Component\\HttpKernel\\Kernel.php:637, referer: http://localhost/prestashop001/install/index.php?restart=true
[Mon Sep 28 23:31:15.249881 2020] [:error] [pid 13480:tid 1360] [client ::1:54433] PHP   6. Symfony\\Component\\DependencyInjection\\Compiler\\Compiler->compile() D:\\UwAmp\\UwAmp\\www\\prestashop001\\vendor\\symfony\\symfony\\src\\Symfony\\Component\\DependencyInjection\\ContainerBuilder.php:790, referer: http://localhost/prestashop001/install/index.php?restart=true
[Mon Sep 28 23:31:15.249881 2020] [:error] [pid 13480:tid 1360] [client ::1:54433] PHP   7. Symfony\\Component\\DependencyInjection\\Compiler\\RepeatedPass->process() D:\\UwAmp\\UwAmp\\www\\prestashop001\\vendor\\symfony\\symfony\\src\\Symfony\\Component\\DependencyInjection\\Compiler\\Compiler.php:141, referer: http://localhost/prestashop001/install/index.php?restart=true
[Mon Sep 28 23:31:15.249881 2020] [:error] [pid 13480:tid 1360] [client ::1:54433] PHP   8. Symfony\\Component\\DependencyInjection\\Compiler\\AnalyzeServiceReferencesPass->process() D:\\UwAmp\\UwAmp\\www\\prestashop001\\vendor\\symfony\\symfony\\src\\Symfony\\Component\\DependencyInjection\\Compiler\\RepeatedPass.php:57, referer: http://localhost/prestashop001/install/index.php?restart=true
[Mon Sep 28 23:31:15.249881 2020] [:error] [pid 13480:tid 1360] [client ::1:54433] PHP   9. Symfony\\Component\\DependencyInjection\\Compiler\\AbstractRecursivePass->process() D:\\UwAmp\\UwAmp\\www\\prestashop001\\vendor\\symfony\\symfony\\src\\Symfony\\Component\\DependencyInjection\\Compiler\\AnalyzeServiceReferencesPass.php:75, referer: http://localhost/prestashop001/install/index.php?restart=true
[Mon Sep 28 23:31:15.249881 2020] [:error] [pid 13480:tid 1360] [client ::1:54433] PHP  10. Symfony\\Component\\DependencyInjection\\Compiler\\AnalyzeServiceReferencesPass->processValue() D:\\UwAmp\\UwAmp\\www\\prestashop001\\vendor\\symfony\\symfony\\src\\Symfony\\Component\\DependencyInjection\\Compiler\\AbstractRecursivePass.php:39, referer: http://localhost/prestashop001/install/index.php?restart=true
[Mon Sep 28 23:31:15.249881 2020] [:error] [pid 13480:tid 1360] [client ::1:54433] PHP  11. Symfony\\Component\\DependencyInjection\\Compiler\\AbstractRecursivePass->processValue() D:\\UwAmp\\UwAmp\\www\\prestashop001\\vendor\\symfony\\symfony\\src\\Symfony\\Component\\DependencyInjection\\Compiler\\AnalyzeServiceReferencesPass.php:112, referer: http://localhost/prestashop001/install/index.php?restart=true
[Mon Sep 28 23:31:15.249881 2020] [:error] [pid 13480:tid 1360] [client ::1:54433] PHP  12. Symfony\\Component\\DependencyInjection\\Compiler\\AnalyzeServiceReferencesPass->processValue() D:\\UwAmp\\UwAmp\\www\\prestashop001\\vendor\\symfony\\symfony\\src\\Symfony\\Component\\DependencyInjection\\Compiler\\AbstractRecursivePass.php:60, referer: http://localhost/prestashop001/install/index.php?restart=true
[Mon Sep 28 23:31:15.249881 2020] [:error] [pid 13480:tid 1360] [client ::1:54433] PHP  13. Symfony\\Component\\DependencyInjection\\Compiler\\AnalyzeServiceReferencesPass->processValue() D:\\UwAmp\\UwAmp\\www\\prestashop001\\vendor\\symfony\\symfony\\src\\Symfony\\Component\\DependencyInjection\\Compiler\\AnalyzeServiceReferencesPass.php:127, referer: http://localhost/prestashop001/install/index.php?restart=true
[Mon Sep 28 23:31:15.249881 2020] [:error] [pid 13480:tid 1360] [client ::1:54433] PHP  14. Symfony\\Component\\DependencyInjection\\Compiler\\AbstractRecursivePass->processValue() D:\\UwAmp\\UwAmp\\www\\prestashop001\\vendor\\symfony\\symfony\\src\\Symfony\\Component\\DependencyInjection\\Compiler\\AnalyzeServiceReferencesPass.php:112, referer: http://localhost/prestashop001/install/index.php?restart=true
[Mon Sep 28 23:31:15.249881 2020] [:error] [pid 13480:tid 1360] [client ::1:54433] PHP  15. Symfony\\Component\\DependencyInjection\\Compiler\\AnalyzeServiceReferencesPass->processValue() D:\\UwAmp\\UwAmp\\www\\prestashop001\\vendor\\symfony\\symfony\\src\\Symfony\\Component\\DependencyInjection\\Compiler\\AbstractRecursivePass.php:60, referer: http://localhost/prestashop001/install/index.php?restart=true
[Mon Sep 28 23:31:15.249881 2020] [:error] [pid 13480:tid 1360] [client ::1:54433] PHP  16. Symfony\\Component\\DependencyInjection\\Compiler\\AnalyzeServiceReferencesPass->getDefinitionId() D:\\UwAmp\\UwAmp\\www\\prestashop001\\vendor\\symfony\\symfony\\src\\Symfony\\Component\\DependencyInjection\\Compiler\\AnalyzeServiceReferencesPass.php:95, referer: http://localhost/prestashop001/install/index.php?restart=true
[Mon Sep 28 23:31:15.249881 2020] [:error] [pid 13480:tid 1360] [client ::1:54433] PHP  17. Symfony\\Component\\DependencyInjection\\ContainerBuilder->normalizeId() D:\\UwAmp\\UwAmp\\www\\prestashop001\\vendor\\symfony\\symfony\\src\\Symfony\\Component\\DependencyInjection\\Compiler\\AnalyzeServiceReferencesPass.php:162, referer: http://localhost/prestashop001/install/index.php?restart=true
[Mon Sep 28 23:31:23.217788 2020] [mpm_winnt:crit] [pid 13480:tid 640] AH02538: Child: Parent process exited abruptly. Child process is ending
[Mon Sep 28 23:31:56.370479 2020] [ssl:warn] [pid 19420:tid 644] AH01906: main-serveur:443:0 server certificate is a CA certificate (BasicConstraints: CA == TRUE !?)
[Mon Sep 28 23:31:56.374467 2020] [ssl:warn] [pid 19420:tid 644] AH01909: main-serveur:443:0 server certificate does NOT include an ID which matches the server name
[Mon Sep 28 23:31:56.530054 2020] [core:warn] [pid 19420:tid 644] AH00098: pid file D:/UwAmp/UwAmp/bin/apache/logs/httpd.pid overwritten -- Unclean shutdown of previous Apache run?
[Mon Sep 28 23:31:56.829253 2020] [ssl:warn] [pid 19420:tid 644] AH01873: Init: Session Cache is not configured [hint: SSLSessionCache]
[Mon Sep 28 23:31:56.830263 2020] [ssl:warn] [pid 19420:tid 644] AH01906: main-serveur:443:0 server certificate is a CA certificate (BasicConstraints: CA == TRUE !?)
[Mon Sep 28 23:31:56.830263 2020] [ssl:warn] [pid 19420:tid 644] AH01909: main-serveur:443:0 server certificate does NOT include an ID which matches the server name
[Mon Sep 28 23:31:59.554203 2020] [mpm_winnt:notice] [pid 19420:tid 644] AH00455: Apache/2.4.18 (Win32) OpenSSL/1.0.2f PHP/5.6.18 configured -- resuming normal operations
[Mon Sep 28 23:31:59.554203 2020] [mpm_winnt:notice] [pid 19420:tid 644] AH00456: Server built: Jan 28 2016 09:58:25
[Mon Sep 28 23:31:59.554203 2020] [core:notice] [pid 19420:tid 644] AH00094: Command line: 'D:\\UwAmp\\UwAmp\\bin\\apache\\bin\\httpd.exe -d D:/UwAmp/UwAmp/bin/apache -f D:\\UwAmp\\UwAmp\\bin\\apache\\conf\\httpd.conf'
[Mon Sep 28 23:31:59.589116 2020] [mpm_winnt:notice] [pid 19420:tid 644] AH00418: Parent: Created child process 10336
[Mon Sep 28 23:32:01.698812 2020] [ssl:warn] [pid 10336:tid 712] AH01906: main-serveur:443:0 server certificate is a CA certificate (BasicConstraints: CA == TRUE !?)
[Mon Sep 28 23:32:01.700679 2020] [ssl:warn] [pid 10336:tid 712] AH01909: main-serveur:443:0 server certificate does NOT include an ID which matches the server name
[Mon Sep 28 23:32:02.127884 2020] [ssl:warn] [pid 10336:tid 712] AH01873: Init: Session Cache is not configured [hint: SSLSessionCache]
[Mon Sep 28 23:32:02.129878 2020] [ssl:warn] [pid 10336:tid 712] AH01906: main-serveur:443:0 server certificate is a CA certificate (BasicConstraints: CA == TRUE !?)
[Mon Sep 28 23:32:02.130920 2020] [ssl:warn] [pid 10336:tid 712] AH01909: main-serveur:443:0 server certificate does NOT include an ID which matches the server name
[Mon Sep 28 23:32:02.232597 2020] [mpm_winnt:notice] [pid 10336:tid 712] AH00354: Child: Starting 64 worker threads.
[Mon Sep 28 23:32:53.170377 2020] [:error] [pid 10336:tid 1364] [client ::1:54467] PHP Fatal error:  Maximum execution time of 30 seconds exceeded in D:\\UwAmp\\UwAmp\\www\\prestashop001\\vendor\\symfony\\symfony\\src\\Symfony\\Component\\DependencyInjection\\Compiler\\AbstractRecursivePass.php on line 60
[Mon Sep 28 23:32:53.170377 2020] [:error] [pid 10336:tid 1364] [client ::1:54467] PHP Stack trace:
[Mon Sep 28 23:32:53.170377 2020] [:error] [pid 10336:tid 1364] [client ::1:54467] PHP   1. {main}() D:\\UwAmp\\UwAmp\\www\\prestashop001\\admin\\index.php:0
[Mon Sep 28 23:32:53.170377 2020] [:error] [pid 10336:tid 1364] [client ::1:54467] PHP   2. Symfony\\Component\\HttpKernel\\Kernel->handle() D:\\UwAmp\\UwAmp\\www\\prestashop001\\admin\\index.php:86
[Mon Sep 28 23:32:53.170377 2020] [:error] [pid 10336:tid 1364] [client ::1:54467] PHP   3. Symfony\\Component\\HttpKernel\\Kernel->boot() D:\\UwAmp\\UwAmp\\www\\prestashop001\\vendor\\symfony\\symfony\\src\\Symfony\\Component\\HttpKernel\\Kernel.php:195
[Mon Sep 28 23:32:53.170377 2020] [:error] [pid 10336:tid 1364] [client ::1:54467] PHP   4. Symfony\\Component\\HttpKernel\\Kernel->initializeContainer() D:\\UwAmp\\UwAmp\\www\\prestashop001\\vendor\\symfony\\symfony\\src\\Symfony\\Component\\HttpKernel\\Kernel.php:135
[Mon Sep 28 23:32:53.170377 2020] [:error] [pid 10336:tid 1364] [client ::1:54467] PHP   5. Symfony\\Component\\DependencyInjection\\ContainerBuilder->compile() D:\\UwAmp\\UwAmp\\www\\prestashop001\\vendor\\symfony\\symfony\\src\\Symfony\\Component\\HttpKernel\\Kernel.php:637
[Mon Sep 28 23:32:53.170377 2020] [:error] [pid 10336:tid 1364] [client ::1:54467] PHP   6. Symfony\\Component\\DependencyInjection\\Compiler\\Compiler->compile() D:\\UwAmp\\UwAmp\\www\\prestashop001\\vendor\\symfony\\symfony\\src\\Symfony\\Component\\DependencyInjection\\ContainerBuilder.php:790
[Mon Sep 28 23:32:53.170377 2020] [:error] [pid 10336:tid 1364] [client ::1:54467] PHP   7. Symfony\\Component\\DependencyInjection\\Compiler\\AbstractRecursivePass->process() D:\\UwAmp\\UwAmp\\www\\prestashop001\\vendor\\symfony\\symfony\\src\\Symfony\\Component\\DependencyInjection\\Compiler\\Compiler.php:141
[Mon Sep 28 23:32:53.170377 2020] [:error] [pid 10336:tid 1364] [client ::1:54467] PHP   8. Symfony\\Component\\DependencyInjection\\Compiler\\RegisterServiceSubscribersPass->processValue() D:\\UwAmp\\UwAmp\\www\\prestashop001\\vendor\\symfony\\symfony\\src\\Symfony\\Component\\DependencyInjection\\Compiler\\AbstractRecursivePass.php:39
[Mon Sep 28 23:32:53.170377 2020] [:error] [pid 10336:tid 1364] [client ::1:54467] PHP   9. Symfony\\Component\\DependencyInjection\\Compiler\\AbstractRecursivePass->processValue() D:\\UwAmp\\UwAmp\\www\\prestashop001\\vendor\\symfony\\symfony\\src\\Symfony\\Component\\DependencyInjection\\Compiler\\RegisterServiceSubscribersPass.php:31
[Mon Sep 28 23:34:36.698338 2020] [:error] [pid 10336:tid 1380] [client ::1:54485] PHP Fatal error:  Maximum execution time of 30 seconds exceeded in D:\\UwAmp\\UwAmp\\www\\prestashop001\\vendor\\symfony\\symfony\\src\\Symfony\\Component\\DependencyInjection\\Compiler\\AnalyzeServiceReferencesPass.php on line 186
[Mon Sep 28 23:34:36.698338 2020] [:error] [pid 10336:tid 1380] [client ::1:54485] PHP Stack trace:
[Mon Sep 28 23:34:36.698338 2020] [:error] [pid 10336:tid 1380] [client ::1:54485] PHP   1. {main}() D:\\UwAmp\\UwAmp\\www\\prestashop001\\admin001\\index.php:0
[Mon Sep 28 23:34:36.698338 2020] [:error] [pid 10336:tid 1380] [client ::1:54485] PHP   2. Symfony\\Component\\HttpKernel\\Kernel->handle() D:\\UwAmp\\UwAmp\\www\\prestashop001\\admin001\\index.php:86
[Mon Sep 28 23:34:36.698338 2020] [:error] [pid 10336:tid 1380] [client ::1:54485] PHP   3. Symfony\\Component\\HttpKernel\\Kernel->boot() D:\\UwAmp\\UwAmp\\www\\prestashop001\\vendor\\symfony\\symfony\\src\\Symfony\\Component\\HttpKernel\\Kernel.php:195
[Mon Sep 28 23:34:36.698338 2020] [:error] [pid 10336:tid 1380] [client ::1:54485] PHP   4. Symfony\\Component\\HttpKernel\\Kernel->initializeContainer() D:\\UwAmp\\UwAmp\\www\\prestashop001\\vendor\\symfony\\symfony\\src\\Symfony\\Component\\HttpKernel\\Kernel.php:135
[Mon Sep 28 23:34:36.698338 2020] [:error] [pid 10336:tid 1380] [client ::1:54485] PHP   5. Symfony\\Component\\DependencyInjection\\ContainerBuilder->compile() D:\\UwAmp\\UwAmp\\www\\prestashop001\\vendor\\symfony\\symfony\\src\\Symfony\\Component\\HttpKernel\\Kernel.php:637
[Mon Sep 28 23:34:36.698338 2020] [:error] [pid 10336:tid 1380] [client ::1:54485] PHP   6. Symfony\\Component\\DependencyInjection\\Compiler\\Compiler->compile() D:\\UwAmp\\UwAmp\\www\\prestashop001\\vendor\\symfony\\symfony\\src\\Symfony\\Component\\DependencyInjection\\ContainerBuilder.php:790
[Mon Sep 28 23:34:36.698338 2020] [:error] [pid 10336:tid 1380] [client ::1:54485] PHP   7. Symfony\\Component\\DependencyInjection\\Compiler\\RepeatedPass->process() D:\\UwAmp\\UwAmp\\www\\prestashop001\\vendor\\symfony\\symfony\\src\\Symfony\\Component\\DependencyInjection\\Compiler\\Compiler.php:141
[Mon Sep 28 23:34:36.698338 2020] [:error] [pid 10336:tid 1380] [client ::1:54485] PHP   8. Symfony\\Component\\DependencyInjection\\Compiler\\AnalyzeServiceReferencesPass->process() D:\\UwAmp\\UwAmp\\www\\prestashop001\\vendor\\symfony\\symfony\\src\\Symfony\\Component\\DependencyInjection\\Compiler\\RepeatedPass.php:57
[Mon Sep 28 23:34:36.698338 2020] [:error] [pid 10336:tid 1380] [client ::1:54485] PHP   9. Symfony\\Component\\DependencyInjection\\Compiler\\AbstractRecursivePass->process() D:\\UwAmp\\UwAmp\\www\\prestashop001\\vendor\\symfony\\symfony\\src\\Symfony\\Component\\DependencyInjection\\Compiler\\AnalyzeServiceReferencesPass.php:75
[Mon Sep 28 23:34:36.698338 2020] [:error] [pid 10336:tid 1380] [client ::1:54485] PHP  10. Symfony\\Component\\DependencyInjection\\Compiler\\AnalyzeServiceReferencesPass->processValue() D:\\UwAmp\\UwAmp\\www\\prestashop001\\vendor\\symfony\\symfony\\src\\Symfony\\Component\\DependencyInjection\\Compiler\\AbstractRecursivePass.php:39
[Mon Sep 28 23:34:36.698338 2020] [:error] [pid 10336:tid 1380] [client ::1:54485] PHP  11. Symfony\\Component\\DependencyInjection\\Compiler\\AbstractRecursivePass->processValue() D:\\UwAmp\\UwAmp\\www\\prestashop001\\vendor\\symfony\\symfony\\src\\Symfony\\Component\\DependencyInjection\\Compiler\\AnalyzeServiceReferencesPass.php:112
[Mon Sep 28 23:34:36.698338 2020] [:error] [pid 10336:tid 1380] [client ::1:54485] PHP  12. Symfony\\Component\\DependencyInjection\\Compiler\\AnalyzeServiceReferencesPass->processValue() D:\\UwAmp\\UwAmp\\www\\prestashop001\\vendor\\symfony\\symfony\\src\\Symfony\\Component\\DependencyInjection\\Compiler\\AbstractRecursivePass.php:60
[Mon Sep 28 23:34:36.698338 2020] [:error] [pid 10336:tid 1380] [client ::1:54485] PHP  13. Symfony\\Component\\DependencyInjection\\Compiler\\AnalyzeServiceReferencesPass->processValue() D:\\UwAmp\\UwAmp\\www\\prestashop001\\vendor\\symfony\\symfony\\src\\Symfony\\Component\\DependencyInjection\\Compiler\\AnalyzeServiceReferencesPass.php:127
[Mon Sep 28 23:34:36.698338 2020] [:error] [pid 10336:tid 1380] [client ::1:54485] PHP  14. Symfony\\Component\\DependencyInjection\\Compiler\\AbstractRecursivePass->processValue() D:\\UwAmp\\UwAmp\\www\\prestashop001\\vendor\\symfony\\symfony\\src\\Symfony\\Component\\DependencyInjection\\Compiler\\AnalyzeServiceReferencesPass.php:112
[Mon Sep 28 23:34:36.698338 2020] [:error] [pid 10336:tid 1380] [client ::1:54485] PHP  15. Symfony\\Component\\DependencyInjection\\Compiler\\AnalyzeServiceReferencesPass->processValue() D:\\UwAmp\\UwAmp\\www\\prestashop001\\vendor\\symfony\\symfony\\src\\Symfony\\Component\\DependencyInjection\\Compiler\\AbstractRecursivePass.php:60
[Mon Sep 28 23:34:36.698338 2020] [:error] [pid 10336:tid 1380] [client ::1:54485] PHP  16. Symfony\\Component\\ExpressionLanguage\\ExpressionLanguage->compile() D:\\UwAmp\\UwAmp\\www\\prestashop001\\vendor\\symfony\\symfony\\src\\Symfony\\Component\\DependencyInjection\\Compiler\\AnalyzeServiceReferencesPass.php:90
[Mon Sep 28 23:34:36.698338 2020] [:error] [pid 10336:tid 1380] [client ::1:54485] PHP  17. Symfony\\Component\\ExpressionLanguage\\Compiler->compile() D:\\UwAmp\\UwAmp\\www\\prestashop001\\vendor\\symfony\\symfony\\src\\Symfony\\Component\\ExpressionLanguage\\ExpressionLanguage.php:65
[Mon Sep 28 23:34:36.698338 2020] [:error] [pid 10336:tid 1380] [client ::1:54485] PHP  18. Symfony\\Component\\ExpressionLanguage\\Node\\GetAttrNode->compile() D:\\UwAmp\\UwAmp\\www\\prestashop001\\vendor\\symfony\\symfony\\src\\Symfony\\Component\\ExpressionLanguage\\Compiler.php:58
[Mon Sep 28 23:34:36.698338 2020] [:error] [pid 10336:tid 1380] [client ::1:54485] PHP  19. Symfony\\Component\\ExpressionLanguage\\Compiler->compile() D:\\UwAmp\\UwAmp\\www\\prestashop001\\vendor\\symfony\\symfony\\src\\Symfony\\Component\\ExpressionLanguage\\Node\\GetAttrNode.php:48
[Mon Sep 28 23:34:36.698338 2020] [:error] [pid 10336:tid 1380] [client ::1:54485] PHP  20. Symfony\\Component\\ExpressionLanguage\\Node\\FunctionNode->compile() D:\\UwAmp\\UwAmp\\www\\prestashop001\\vendor\\symfony\\symfony\\src\\Symfony\\Component\\ExpressionLanguage\\Compiler.php:58
[Mon Sep 28 23:34:36.698338 2020] [:error] [pid 10336:tid 1380] [client ::1:54485] PHP  21. call_user_func_array:{D:\\UwAmp\\UwAmp\\www\\prestashop001\\vendor\\symfony\\symfony\\src\\Symfony\\Component\\ExpressionLanguage\\Node\\FunctionNode.php:40}() D:\\UwAmp\\UwAmp\\www\\prestashop001\\vendor\\symfony\\symfony\\src\\Symfony\\Component\\ExpressionLanguage\\Node\\FunctionNode.php:40
[Mon Sep 28 23:34:36.698338 2020] [:error] [pid 10336:tid 1380] [client ::1:54485] PHP  22. Symfony\\Component\\DependencyInjection\\Compiler\\AnalyzeServiceReferencesPass->Symfony\\Component\\DependencyInjection\\Compiler\\{closure}() D:\\UwAmp\\UwAmp\\www\\prestashop001\\vendor\\symfony\\symfony\\src\\Symfony\\Component\\ExpressionLanguage\\Node\\FunctionNode.php:40
[Mon Sep 28 23:35:12.045092 2020] [:error] [pid 10336:tid 1380] [client ::1:54486] PHP Fatal error:  Maximum execution time of 30 seconds exceeded in D:\\UwAmp\\UwAmp\\www\\prestashop001\\vendor\\symfony\\symfony\\src\\Symfony\\Component\\ExpressionLanguage\\ExpressionLanguage.php on line 89
[Mon Sep 28 23:35:12.045092 2020] [:error] [pid 10336:tid 1380] [client ::1:54486] PHP Stack trace:
[Mon Sep 28 23:35:12.045092 2020] [:error] [pid 10336:tid 1380] [client ::1:54486] PHP   1. {main}() D:\\UwAmp\\UwAmp\\www\\prestashop001\\admin\\index.php:0
[Mon Sep 28 23:35:12.045092 2020] [:error] [pid 10336:tid 1380] [client ::1:54486] PHP   2. Symfony\\Component\\HttpKernel\\Kernel->handle() D:\\UwAmp\\UwAmp\\www\\prestashop001\\admin\\index.php:86
[Mon Sep 28 23:35:12.045092 2020] [:error] [pid 10336:tid 1380] [client ::1:54486] PHP   3. Symfony\\Component\\HttpKernel\\Kernel->boot() D:\\UwAmp\\UwAmp\\www\\prestashop001\\vendor\\symfony\\symfony\\src\\Symfony\\Component\\HttpKernel\\Kernel.php:195
[Mon Sep 28 23:35:12.045092 2020] [:error] [pid 10336:tid 1380] [client ::1:54486] PHP   4. Symfony\\Component\\HttpKernel\\Kernel->initializeContainer() D:\\UwAmp\\UwAmp\\www\\prestashop001\\vendor\\symfony\\symfony\\src\\Symfony\\Component\\HttpKernel\\Kernel.php:135
[Mon Sep 28 23:35:12.045092 2020] [:error] [pid 10336:tid 1380] [client ::1:54486] PHP   5. Symfony\\Component\\DependencyInjection\\ContainerBuilder->compile() D:\\UwAmp\\UwAmp\\www\\prestashop001\\vendor\\symfony\\symfony\\src\\Symfony\\Component\\HttpKernel\\Kernel.php:637
[Mon Sep 28 23:35:12.045092 2020] [:error] [pid 10336:tid 1380] [client ::1:54486] PHP   6. Symfony\\Component\\DependencyInjection\\Compiler\\Compiler->compile() D:\\UwAmp\\UwAmp\\www\\prestashop001\\vendor\\symfony\\symfony\\src\\Symfony\\Component\\DependencyInjection\\ContainerBuilder.php:790
[Mon Sep 28 23:35:12.045092 2020] [:error] [pid 10336:tid 1380] [client ::1:54486] PHP   7. Symfony\\Component\\DependencyInjection\\Compiler\\RepeatedPass->process() D:\\UwAmp\\UwAmp\\www\\prestashop001\\vendor\\symfony\\symfony\\src\\Symfony\\Component\\DependencyInjection\\Compiler\\Compiler.php:141
[Mon Sep 28 23:35:12.045092 2020] [:error] [pid 10336:tid 1380] [client ::1:54486] PHP   8. Symfony\\Component\\DependencyInjection\\Compiler\\AnalyzeServiceReferencesPass->process() D:\\UwAmp\\UwAmp\\www\\prestashop001\\vendor\\symfony\\symfony\\src\\Symfony\\Component\\DependencyInjection\\Compiler\\RepeatedPass.php:57
[Mon Sep 28 23:35:12.045092 2020] [:error] [pid 10336:tid 1380] [client ::1:54486] PHP   9. Symfony\\Component\\DependencyInjection\\Compiler\\AbstractRecursivePass->process() D:\\UwAmp\\UwAmp\\www\\prestashop001\\vendor\\symfony\\symfony\\src\\Symfony\\Component\\DependencyInjection\\Compiler\\AnalyzeServiceReferencesPass.php:75
[Mon Sep 28 23:35:12.045092 2020] [:error] [pid 10336:tid 1380] [client ::1:54486] PHP  10. Symfony\\Component\\DependencyInjection\\Compiler\\AnalyzeServiceReferencesPass->processValue() D:\\UwAmp\\UwAmp\\www\\prestashop001\\vendor\\symfony\\symfony\\src\\Symfony\\Component\\DependencyInjection\\Compiler\\AbstractRecursivePass.php:39
[Mon Sep 28 23:35:12.045092 2020] [:error] [pid 10336:tid 1380] [client ::1:54486] PHP  11. Symfony\\Component\\DependencyInjection\\Compiler\\AbstractRecursivePass->processValue() D:\\UwAmp\\UwAmp\\www\\prestashop001\\vendor\\symfony\\symfony\\src\\Symfony\\Component\\DependencyInjection\\Compiler\\AnalyzeServiceReferencesPass.php:112
[Mon Sep 28 23:35:12.046090 2020] [:error] [pid 10336:tid 1380] [client ::1:54486] PHP  12. Symfony\\Component\\DependencyInjection\\Compiler\\AnalyzeServiceReferencesPass->processValue() D:\\UwAmp\\UwAmp\\www\\prestashop001\\vendor\\symfony\\symfony\\src\\Symfony\\Component\\DependencyInjection\\Compiler\\AbstractRecursivePass.php:60
[Mon Sep 28 23:35:12.046090 2020] [:error] [pid 10336:tid 1380] [client ::1:54486] PHP  13. Symfony\\Component\\DependencyInjection\\Compiler\\AnalyzeServiceReferencesPass->processValue() D:\\UwAmp\\UwAmp\\www\\prestashop001\\vendor\\symfony\\symfony\\src\\Symfony\\Component\\DependencyInjection\\Compiler\\AnalyzeServiceReferencesPass.php:127
[Mon Sep 28 23:35:12.046090 2020] [:error] [pid 10336:tid 1380] [client ::1:54486] PHP  14. Symfony\\Component\\DependencyInjection\\Compiler\\AbstractRecursivePass->processValue() D:\\UwAmp\\UwAmp\\www\\prestashop001\\vendor\\symfony\\symfony\\src\\Symfony\\Component\\DependencyInjection\\Compiler\\AnalyzeServiceReferencesPass.php:112
[Mon Sep 28 23:35:12.046090 2020] [:error] [pid 10336:tid 1380] [client ::1:54486] PHP  15. Symfony\\Component\\DependencyInjection\\Compiler\\AnalyzeServiceReferencesPass->processValue() D:\\UwAmp\\UwAmp\\www\\prestashop001\\vendor\\symfony\\symfony\\src\\Symfony\\Component\\DependencyInjection\\Compiler\\AbstractRecursivePass.php:60
[Mon Sep 28 23:35:12.046090 2020] [:error] [pid 10336:tid 1380] [client ::1:54486] PHP  16. Symfony\\Component\\ExpressionLanguage\\ExpressionLanguage->compile() D:\\UwAmp\\UwAmp\\www\\prestashop001\\vendor\\symfony\\symfony\\src\\Symfony\\Component\\DependencyInjection\\Compiler\\AnalyzeServiceReferencesPass.php:90
[Mon Sep 28 23:35:12.046090 2020] [:error] [pid 10336:tid 1380] [client ::1:54486] PHP  17. Symfony\\Component\\ExpressionLanguage\\ExpressionLanguage->parse() D:\\UwAmp\\UwAmp\\www\\prestashop001\\vendor\\symfony\\symfony\\src\\Symfony\\Component\\ExpressionLanguage\\ExpressionLanguage.php:65
[Mon Sep 28 23:36:35.398422 2020] [:error] [pid 10336:tid 1380] [client ::1:54530] PHP Fatal error:  Maximum execution time of 30 seconds exceeded in D:\\UwAmp\\UwAmp\\www\\prestashop001\\vendor\\symfony\\symfony\\src\\Symfony\\Component\\DependencyInjection\\Dumper\\PhpDumper.php on line 1972
[Mon Sep 28 23:36:35.398422 2020] [:error] [pid 10336:tid 1380] [client ::1:54530] PHP Stack trace:
[Mon Sep 28 23:36:35.398422 2020] [:error] [pid 10336:tid 1380] [client ::1:54530] PHP   1. {main}() D:\\UwAmp\\UwAmp\\www\\prestashop001\\9036\\index.php:0
[Mon Sep 28 23:36:35.398422 2020] [:error] [pid 10336:tid 1380] [client ::1:54530] PHP   2. Symfony\\Component\\HttpKernel\\Kernel->handle() D:\\UwAmp\\UwAmp\\www\\prestashop001\\9036\\index.php:86
[Mon Sep 28 23:36:35.398422 2020] [:error] [pid 10336:tid 1380] [client ::1:54530] PHP   3. Symfony\\Component\\HttpKernel\\Kernel->boot() D:\\UwAmp\\UwAmp\\www\\prestashop001\\vendor\\symfony\\symfony\\src\\Symfony\\Component\\HttpKernel\\Kernel.php:195
[Mon Sep 28 23:36:35.398422 2020] [:error] [pid 10336:tid 1380] [client ::1:54530] PHP   4. Symfony\\Component\\HttpKernel\\Kernel->initializeContainer() D:\\UwAmp\\UwAmp\\www\\prestashop001\\vendor\\symfony\\symfony\\src\\Symfony\\Component\\HttpKernel\\Kernel.php:135
[Mon Sep 28 23:36:35.398422 2020] [:error] [pid 10336:tid 1380] [client ::1:54530] PHP   5. Symfony\\Component\\HttpKernel\\Kernel->dumpContainer() D:\\UwAmp\\UwAmp\\www\\prestashop001\\vendor\\symfony\\symfony\\src\\Symfony\\Component\\HttpKernel\\Kernel.php:659
[Mon Sep 28 23:36:35.398422 2020] [:error] [pid 10336:tid 1380] [client ::1:54530] PHP   6. Symfony\\Component\\DependencyInjection\\Dumper\\PhpDumper->dump() D:\\UwAmp\\UwAmp\\www\\prestashop001\\vendor\\symfony\\symfony\\src\\Symfony\\Component\\HttpKernel\\Kernel.php:855
[Mon Sep 28 23:36:35.398422 2020] [:error] [pid 10336:tid 1380] [client ::1:54530] PHP   7. Symfony\\Component\\DependencyInjection\\Dumper\\PhpDumper->addServices() D:\\UwAmp\\UwAmp\\www\\prestashop001\\vendor\\symfony\\symfony\\src\\Symfony\\Component\\DependencyInjection\\Dumper\\PhpDumper.php:200
[Mon Sep 28 23:36:35.398422 2020] [:error] [pid 10336:tid 1380] [client ::1:54530] PHP   8. Symfony\\Component\\DependencyInjection\\Dumper\\PhpDumper->addService() D:\\UwAmp\\UwAmp\\www\\prestashop001\\vendor\\symfony\\symfony\\src\\Symfony\\Component\\DependencyInjection\\Dumper\\PhpDumper.php:850
[Mon Sep 28 23:36:35.398422 2020] [:error] [pid 10336:tid 1380] [client ::1:54530] PHP   9. Symfony\\Component\\DependencyInjection\\Dumper\\PhpDumper->addInlineService() D:\\UwAmp\\UwAmp\\www\\prestashop001\\vendor\\symfony\\symfony\\src\\Symfony\\Component\\DependencyInjection\\Dumper\\PhpDumper.php:706
[Mon Sep 28 23:36:35.398422 2020] [:error] [pid 10336:tid 1380] [client ::1:54530] PHP  10. Symfony\\Component\\DependencyInjection\\Dumper\\PhpDumper->addServiceMethodCalls() D:\\UwAmp\\UwAmp\\www\\prestashop001\\vendor\\symfony\\symfony\\src\\Symfony\\Component\\DependencyInjection\\Dumper\\PhpDumper.php:824
[Mon Sep 28 23:36:35.398422 2020] [:error] [pid 10336:tid 1380] [client ::1:54530] PHP  11. Symfony\\Component\\DependencyInjection\\Dumper\\PhpDumper->dumpValue() D:\\UwAmp\\UwAmp\\www\\prestashop001\\vendor\\symfony\\symfony\\src\\Symfony\\Component\\DependencyInjection\\Dumper\\PhpDumper.php:560
[Mon Sep 28 23:36:35.398422 2020] [:error] [pid 10336:tid 1380] [client ::1:54530] PHP  12. Symfony\\Component\\DependencyInjection\\Dumper\\PhpDumper->export() D:\\UwAmp\\UwAmp\\www\\prestashop001\\vendor\\symfony\\symfony\\src\\Symfony\\Component\\DependencyInjection\\Dumper\\PhpDumper.php:1747
[Mon Sep 28 23:38:32.075116 2020] [mpm_winnt:crit] [pid 10336:tid 712] AH02538: Child: Parent process exited abruptly. Child process is ending
[Tue Sep 29 09:34:10.197455 2020] [ssl:warn] [pid 20040:tid 620] AH01906: main-serveur:443:0 server certificate is a CA certificate (BasicConstraints: CA == TRUE !?)
[Tue Sep 29 09:34:10.326111 2020] [ssl:warn] [pid 20040:tid 620] AH01909: main-serveur:443:0 server certificate does NOT include an ID which matches the server name
[Tue Sep 29 09:34:10.734663 2020] [core:warn] [pid 20040:tid 620] AH00098: pid file D:/UwAmp/UwAmp/bin/apache/logs/httpd.pid overwritten -- Unclean shutdown of previous Apache run?
[Tue Sep 29 09:34:10.841378 2020] [ssl:warn] [pid 20040:tid 620] AH01873: Init: Session Cache is not configured [hint: SSLSessionCache]
[Tue Sep 29 09:34:10.842375 2020] [ssl:warn] [pid 20040:tid 620] AH01906: main-serveur:443:0 server certificate is a CA certificate (BasicConstraints: CA == TRUE !?)
[Tue Sep 29 09:34:10.842375 2020] [ssl:warn] [pid 20040:tid 620] AH01909: main-serveur:443:0 server certificate does NOT include an ID which matches the server name
[Tue Sep 29 09:34:16.967950 2020] [mpm_winnt:notice] [pid 20040:tid 620] AH00455: Apache/2.4.18 (Win32) OpenSSL/1.0.2f PHP/5.6.18 configured -- resuming normal operations
[Tue Sep 29 09:34:16.967950 2020] [mpm_winnt:notice] [pid 20040:tid 620] AH00456: Server built: Jan 28 2016 09:58:25
[Tue Sep 29 09:34:16.967950 2020] [core:notice] [pid 20040:tid 620] AH00094: Command line: 'D:\\UwAmp\\UwAmp\\bin\\apache\\bin\\httpd.exe -d D:/UwAmp/UwAmp/bin/apache -f D:\\UwAmp\\UwAmp\\bin\\apache\\conf\\httpd.conf'
[Tue Sep 29 09:34:16.971909 2020] [mpm_winnt:notice] [pid 20040:tid 620] AH00418: Parent: Created child process 15220
[Tue Sep 29 09:34:18.062375 2020] [ssl:warn] [pid 15220:tid 652] AH01906: main-serveur:443:0 server certificate is a CA certificate (BasicConstraints: CA == TRUE !?)
[Tue Sep 29 09:34:18.063373 2020] [ssl:warn] [pid 15220:tid 652] AH01909: main-serveur:443:0 server certificate does NOT include an ID which matches the server name
[Tue Sep 29 09:34:18.354591 2020] [ssl:warn] [pid 15220:tid 652] AH01873: Init: Session Cache is not configured [hint: SSLSessionCache]
[Tue Sep 29 09:34:18.355585 2020] [ssl:warn] [pid 15220:tid 652] AH01906: main-serveur:443:0 server certificate is a CA certificate (BasicConstraints: CA == TRUE !?)
[Tue Sep 29 09:34:18.355585 2020] [ssl:warn] [pid 15220:tid 652] AH01909: main-serveur:443:0 server certificate does NOT include an ID which matches the server name
[Tue Sep 29 09:34:18.433366 2020] [mpm_winnt:notice] [pid 15220:tid 652] AH00354: Child: Starting 64 worker threads.
[Tue Sep 29 09:34:56.705493 2020] [:error] [pid 15220:tid 1340] [client ::1:54900] PHP Warning:  date(): It is not safe to rely on the system's timezone settings. You are *required* to use the date.timezone setting or the date_default_timezone_set() function. In case you used any of those methods and you are still getting this warning, you most likely misspelled the timezone identifier. We selected the timezone 'UTC' for now, but please set date.timezone to select your timezone. in D:\\UwAmp\\UwAmp\\www\\prestashop001\\phppsinfo.php on line 660
[Tue Sep 29 09:34:56.705493 2020] [:error] [pid 15220:tid 1340] [client ::1:54900] PHP Stack trace:
[Tue Sep 29 09:34:56.705493 2020] [:error] [pid 15220:tid 1340] [client ::1:54900] PHP   1. {main}() D:\\UwAmp\\UwAmp\\www\\prestashop001\\phppsinfo.php:0
[Tue Sep 29 09:34:56.705493 2020] [:error] [pid 15220:tid 1340] [client ::1:54900] PHP   2. date() D:\\UwAmp\\UwAmp\\www\\prestashop001\\phppsinfo.php:660
[Tue Sep 29 09:42:49.431025 2020] [mpm_winnt:crit] [pid 15220:tid 652] AH02538: Child: Parent process exited abruptly. Child process is ending
[Tue Sep 29 09:42:49.431025 2020] [mpm_winnt:warn] [pid 15220:tid 2160] (OS 995)The I/O operation has been aborted because of either a thread exit or an application request.  : AH00341: winnt_accept: Asynchronous AcceptEx failed.
[Tue Sep 29 09:42:52.617103 2020] [ssl:warn] [pid 2696:tid 664] AH01906: main-serveur:443:0 server certificate is a CA certificate (BasicConstraints: CA == TRUE !?)
[Tue Sep 29 09:42:52.618100 2020] [ssl:warn] [pid 2696:tid 664] AH01909: main-serveur:443:0 server certificate does NOT include an ID which matches the server name
[Tue Sep 29 09:42:52.871901 2020] [core:warn] [pid 2696:tid 664] AH00098: pid file D:/UwAmp/UwAmp/bin/apache/logs/httpd.pid overwritten -- Unclean shutdown of previous Apache run?
[Tue Sep 29 09:42:52.962442 2020] [ssl:warn] [pid 2696:tid 664] AH01873: Init: Session Cache is not configured [hint: SSLSessionCache]
[Tue Sep 29 09:42:52.963438 2020] [ssl:warn] [pid 2696:tid 664] AH01906: main-serveur:443:0 server certificate is a CA certificate (BasicConstraints: CA == TRUE !?)
[Tue Sep 29 09:42:52.963438 2020] [ssl:warn] [pid 2696:tid 664] AH01909: main-serveur:443:0 server certificate does NOT include an ID which matches the server name
[Tue Sep 29 09:42:54.545127 2020] [mpm_winnt:notice] [pid 2696:tid 664] AH00455: Apache/2.4.18 (Win32) OpenSSL/1.0.2f PHP/7.0.3 configured -- resuming normal operations
[Tue Sep 29 09:42:54.545127 2020] [mpm_winnt:notice] [pid 2696:tid 664] AH00456: Server built: Jan 28 2016 09:58:25
[Tue Sep 29 09:42:54.545127 2020] [core:notice] [pid 2696:tid 664] AH00094: Command line: 'D:\\UwAmp\\UwAmp\\bin\\apache\\bin\\httpd.exe -d D:/UwAmp/UwAmp/bin/apache -f D:\\UwAmp\\UwAmp\\bin\\apache\\conf\\httpd.conf'
[Tue Sep 29 09:42:54.549116 2020] [mpm_winnt:notice] [pid 2696:tid 664] AH00418: Parent: Created child process 10164
[Tue Sep 29 09:42:55.367071 2020] [ssl:warn] [pid 10164:tid 620] AH01906: main-serveur:443:0 server certificate is a CA certificate (BasicConstraints: CA == TRUE !?)
[Tue Sep 29 09:42:55.368068 2020] [ssl:warn] [pid 10164:tid 620] AH01909: main-serveur:443:0 server certificate does NOT include an ID which matches the server name
[Tue Sep 29 09:42:55.533654 2020] [ssl:warn] [pid 10164:tid 620] AH01873: Init: Session Cache is not configured [hint: SSLSessionCache]
[Tue Sep 29 09:42:55.533654 2020] [ssl:warn] [pid 10164:tid 620] AH01906: main-serveur:443:0 server certificate is a CA certificate (BasicConstraints: CA == TRUE !?)
[Tue Sep 29 09:42:55.533654 2020] [ssl:warn] [pid 10164:tid 620] AH01909: main-serveur:443:0 server certificate does NOT include an ID which matches the server name
[Tue Sep 29 09:42:55.590727 2020] [mpm_winnt:notice] [pid 10164:tid 620] AH00354: Child: Starting 64 worker threads.
[Tue Sep 29 09:52:09.482995 2020] [mpm_winnt:crit] [pid 10164:tid 620] AH02538: Child: Parent process exited abruptly. Child process is ending
[Tue Sep 29 09:52:12.876952 2020] [ssl:warn] [pid 15628:tid 612] AH01906: main-serveur:443:0 server certificate is a CA certificate (BasicConstraints: CA == TRUE !?)
[Tue Sep 29 09:52:12.877913 2020] [ssl:warn] [pid 15628:tid 612] AH01909: main-serveur:443:0 server certificate does NOT include an ID which matches the server name
[Tue Sep 29 09:52:12.953711 2020] [core:warn] [pid 15628:tid 612] AH00098: pid file D:/UwAmp/UwAmp/bin/apache/logs/httpd.pid overwritten -- Unclean shutdown of previous Apache run?
[Tue Sep 29 09:52:13.036542 2020] [ssl:warn] [pid 15628:tid 612] AH01873: Init: Session Cache is not configured [hint: SSLSessionCache]
[Tue Sep 29 09:52:13.036542 2020] [ssl:warn] [pid 15628:tid 612] AH01906: main-serveur:443:0 server certificate is a CA certificate (BasicConstraints: CA == TRUE !?)
[Tue Sep 29 09:52:13.036542 2020] [ssl:warn] [pid 15628:tid 612] AH01909: main-serveur:443:0 server certificate does NOT include an ID which matches the server name
PHP Warning:  PHP Startup: Unable to load dynamic library 'curl' (tried: D:/UwAmp/UwAmp/bin/php/php-7.2.7/ext\\curl (The specified module could not be found.), D:/UwAmp/UwAmp/bin/php/php-7.2.7/ext\\php_curl.dll (The specified procedure could not be found.)) in Unknown on line 0
[Tue Sep 29 09:52:13.341382 2020] [mpm_winnt:notice] [pid 15628:tid 612] AH00455: Apache/2.4.18 (Win32) OpenSSL/1.0.2f PHP/7.2.7 configured -- resuming normal operations
[Tue Sep 29 09:52:13.341382 2020] [mpm_winnt:notice] [pid 15628:tid 612] AH00456: Server built: Jan 28 2016 09:58:25
[Tue Sep 29 09:52:13.341382 2020] [core:notice] [pid 15628:tid 612] AH00094: Command line: 'D:\\UwAmp\\UwAmp\\bin\\apache\\bin\\httpd.exe -d D:/UwAmp/UwAmp/bin/apache -f D:\\UwAmp\\UwAmp\\bin\\apache\\conf\\httpd.conf'
[Tue Sep 29 09:52:13.345335 2020] [mpm_winnt:notice] [pid 15628:tid 612] AH00418: Parent: Created child process 13764
[Tue Sep 29 09:52:14.142909 2020] [ssl:warn] [pid 13764:tid 680] AH01906: main-serveur:443:0 server certificate is a CA certificate (BasicConstraints: CA == TRUE !?)
[Tue Sep 29 09:52:14.143960 2020] [ssl:warn] [pid 13764:tid 680] AH01909: main-serveur:443:0 server certificate does NOT include an ID which matches the server name
[Tue Sep 29 09:52:14.296362 2020] [ssl:warn] [pid 13764:tid 680] AH01873: Init: Session Cache is not configured [hint: SSLSessionCache]
[Tue Sep 29 09:52:14.296362 2020] [ssl:warn] [pid 13764:tid 680] AH01906: main-serveur:443:0 server certificate is a CA certificate (BasicConstraints: CA == TRUE !?)
[Tue Sep 29 09:52:14.296362 2020] [ssl:warn] [pid 13764:tid 680] AH01909: main-serveur:443:0 server certificate does NOT include an ID which matches the server name
PHP Warning:  PHP Startup: Unable to load dynamic library 'curl' (tried: D:/UwAmp/UwAmp/bin/php/php-7.2.7/ext\\curl (The specified module could not be found.), D:/UwAmp/UwAmp/bin/php/php-7.2.7/ext\\php_curl.dll (The specified procedure could not be found.)) in Unknown on line 0
[Tue Sep 29 09:52:14.319377 2020] [mpm_winnt:notice] [pid 13764:tid 680] AH00354: Child: Starting 64 worker threads.
[Tue Sep 29 09:53:04.858583 2020] [php7:notice] [pid 13764:tid 1336] [client ::1:55157] PHP Fatal error:  Maximum execution time of 30 seconds exceeded in D:\\UwAmp\\UwAmp\\www\\prestashop001\\src\\PrestaShopBundle\\Controller\\Admin\\CombinationController.php on line 27
[Tue Sep 29 09:53:04.858583 2020] [php7:notice] [pid 13764:tid 1336] [client ::1:55157] PHP Stack trace:
[Tue Sep 29 09:53:04.858583 2020] [php7:notice] [pid 13764:tid 1336] [client ::1:55157] PHP   1. {main}() D:\\UwAmp\\UwAmp\\www\\prestashop001\\9036\\index.php:0
[Tue Sep 29 09:53:04.858583 2020] [php7:notice] [pid 13764:tid 1336] [client ::1:55157] PHP   2. AppKernel->handle() D:\\UwAmp\\UwAmp\\www\\prestashop001\\9036\\index.php:86
[Tue Sep 29 09:53:04.858583 2020] [php7:notice] [pid 13764:tid 1336] [client ::1:55157] PHP   3. Symfony\\Component\\HttpKernel\\HttpKernel->handle() D:\\UwAmp\\UwAmp\\www\\prestashop001\\vendor\\symfony\\symfony\\src\\Symfony\\Component\\HttpKernel\\Kernel.php:200
[Tue Sep 29 09:53:04.858583 2020] [php7:notice] [pid 13764:tid 1336] [client ::1:55157] PHP   4. Symfony\\Component\\HttpKernel\\HttpKernel->handleRaw() D:\\UwAmp\\UwAmp\\www\\prestashop001\\vendor\\symfony\\symfony\\src\\Symfony\\Component\\HttpKernel\\HttpKernel.php:68
[Tue Sep 29 09:53:04.858583 2020] [php7:notice] [pid 13764:tid 1336] [client ::1:55157] PHP   5. Symfony\\Component\\EventDispatcher\\ContainerAwareEventDispatcher->dispatch() D:\\UwAmp\\UwAmp\\www\\prestashop001\\vendor\\symfony\\symfony\\src\\Symfony\\Component\\HttpKernel\\HttpKernel.php:127
[Tue Sep 29 09:53:04.858583 2020] [php7:notice] [pid 13764:tid 1336] [client ::1:55157] PHP   6. Symfony\\Component\\EventDispatcher\\ContainerAwareEventDispatcher->doDispatch() D:\\UwAmp\\UwAmp\\www\\prestashop001\\vendor\\symfony\\symfony\\src\\Symfony\\Component\\EventDispatcher\\EventDispatcher.php:44
[Tue Sep 29 09:53:04.858583 2020] [php7:notice] [pid 13764:tid 1336] [client ::1:55157] PHP   7. PrestaShopBundle\\EventListener\\LegacyUrlListener->onKernelRequest() D:\\UwAmp\\UwAmp\\www\\prestashop001\\vendor\\symfony\\symfony\\src\\Symfony\\Component\\EventDispatcher\\EventDispatcher.php:212
[Tue Sep 29 09:53:04.858583 2020] [php7:notice] [pid 13764:tid 1336] [client ::1:55157] PHP   8. PrestaShopBundle\\Routing\\Converter\\LegacyUrlConverter->convertByRequest() D:\\UwAmp\\UwAmp\\www\\prestashop001\\src\\PrestaShopBundle\\EventListener\\LegacyUrlListener.php:62
[Tue Sep 29 09:53:04.858583 2020] [php7:notice] [pid 13764:tid 1336] [client ::1:55157] PHP   9. PrestaShopBundle\\Routing\\Converter\\LegacyUrlConverter->checkAlreadyMatchingRoute() D:\\UwAmp\\UwAmp\\www\\prestashop001\\src\\PrestaShopBundle\\Routing\\Converter\\LegacyUrlConverter.php:134
[Tue Sep 29 09:53:04.858583 2020] [php7:notice] [pid 13764:tid 1336] [client ::1:55157] PHP  10. PrestaShopBundle\\Service\\Routing\\Router->match() D:\\UwAmp\\UwAmp\\www\\prestashop001\\src\\PrestaShopBundle\\Routing\\Converter\\LegacyUrlConverter.php:243
[Tue Sep 29 09:53:04.858583 2020] [php7:notice] [pid 13764:tid 1336] [client ::1:55157] PHP  11. PrestaShopBundle\\Service\\Routing\\Router->getMatcher() D:\\UwAmp\\UwAmp\\www\\prestashop001\\vendor\\symfony\\symfony\\src\\Symfony\\Component\\Routing\\Router.php:248
[Tue Sep 29 09:53:04.858583 2020] [php7:notice] [pid 13764:tid 1336] [client ::1:55157] PHP  12. Symfony\\Component\\Config\\ResourceCheckerConfigCacheFactory->cache() D:\\UwAmp\\UwAmp\\www\\prestashop001\\vendor\\symfony\\symfony\\src\\Symfony\\Component\\Routing\\Router.php:302
[Tue Sep 29 09:53:04.858583 2020] [php7:notice] [pid 13764:tid 1336] [client ::1:55157] PHP  13. PrestaShopBundle\\Service\\Routing\\Router->Symfony\\Component\\Routing\\{closure}() D:\\UwAmp\\UwAmp\\www\\prestashop001\\vendor\\symfony\\symfony\\src\\Symfony\\Component\\Config\\ResourceCheckerConfigCacheFactory.php:43
[Tue Sep 29 09:53:04.858583 2020] [php7:notice] [pid 13764:tid 1336] [client ::1:55157] PHP  14. PrestaShopBundle\\Service\\Routing\\Router->getMatcherDumperInstance() D:\\UwAmp\\UwAmp\\www\\prestashop001\\vendor\\symfony\\symfony\\src\\Symfony\\Component\\Routing\\Router.php:289
[Tue Sep 29 09:53:04.858583 2020] [php7:notice] [pid 13764:tid 1336] [client ::1:55157] PHP  15. PrestaShopBundle\\Service\\Routing\\Router->getRouteCollection() D:\\UwAmp\\UwAmp\\www\\prestashop001\\vendor\\symfony\\symfony\\src\\Symfony\\Component\\Routing\\Router.php:371
[Tue Sep 29 09:53:04.859586 2020] [php7:notice] [pid 13764:tid 1336] [client ::1:55157] PHP  16. Symfony\\Bundle\\FrameworkBundle\\Routing\\DelegatingLoader->load() D:\\UwAmp\\UwAmp\\www\\prestashop001\\vendor\\symfony\\symfony\\src\\Symfony\\Bundle\\FrameworkBundle\\Routing\\Router.php:56
[Tue Sep 29 09:53:04.859586 2020] [php7:notice] [pid 13764:tid 1336] [client ::1:55157] PHP  17. Symfony\\Bundle\\FrameworkBundle\\Controller\\ControllerNameParser->parse() D:\\UwAmp\\UwAmp\\www\\prestashop001\\vendor\\symfony\\symfony\\src\\Symfony\\Bundle\\FrameworkBundle\\Routing\\DelegatingLoader.php:81
[Tue Sep 29 09:53:04.859586 2020] [php7:notice] [pid 13764:tid 1336] [client ::1:55157] PHP  18. class_exists() D:\\UwAmp\\UwAmp\\www\\prestashop001\\vendor\\symfony\\symfony\\src\\Symfony\\Bundle\\FrameworkBundle\\Controller\\ControllerNameParser.php:78
[Tue Sep 29 09:53:04.859586 2020] [php7:notice] [pid 13764:tid 1336] [client ::1:55157] PHP  19. spl_autoload_call() D:\\UwAmp\\UwAmp\\www\\prestashop001\\vendor\\symfony\\symfony\\src\\Symfony\\Bundle\\FrameworkBundle\\Controller\\ControllerNameParser.php:78
[Tue Sep 29 09:53:04.859586 2020] [php7:notice] [pid 13764:tid 1336] [client ::1:55157] PHP  20. Composer\\Autoload\\ClassLoader->loadClass() D:\\UwAmp\\UwAmp\\www\\prestashop001\\vendor\\symfony\\symfony\\src\\Symfony\\Bundle\\FrameworkBundle\\Controller\\ControllerNameParser.php:78
[Tue Sep 29 09:53:04.859586 2020] [php7:notice] [pid 13764:tid 1336] [client ::1:55157] PHP  21. Composer\\Autoload\\includeFile() D:\\UwAmp\\UwAmp\\www\\prestashop001\\vendor\\composer\\ClassLoader.php:322
[Tue Sep 29 09:53:04.859586 2020] [php7:notice] [pid 13764:tid 1336] [client ::1:55157] PHP  22. include() D:\\UwAmp\\UwAmp\\www\\prestashop001\\vendor\\composer\\ClassLoader.php:444
[Tue Sep 29 22:16:37.524733 2020] [php7:notice] [pid 13764:tid 1336] [client ::1:61313] PHP Fatal error:  Maximum execution time of 30 seconds exceeded in D:\\UwAmp\\UwAmp\\phpapps\\phpmyadmin\\libraries\\dbi\\DBIMysqli.class.php on line 261, referer: http://localhost/mysql/server_databases.php?db=&token=f6f5316095fe2e731a3d407f23d04c7d
[Tue Sep 29 22:16:37.535121 2020] [php7:notice] [pid 13764:tid 1336] [client ::1:61313] PHP Stack trace:, referer: http://localhost/mysql/server_databases.php?db=&token=f6f5316095fe2e731a3d407f23d04c7d
[Tue Sep 29 22:16:37.535121 2020] [php7:notice] [pid 13764:tid 1336] [client ::1:61313] PHP   1. {main}() D:\\UwAmp\\UwAmp\\phpapps\\phpmyadmin\\server_databases.php:0, referer: http://localhost/mysql/server_databases.php?db=&token=f6f5316095fe2e731a3d407f23d04c7d
[Tue Sep 29 22:16:37.535121 2020] [php7:notice] [pid 13764:tid 1336] [client ::1:61313] PHP   2. PMA_dropMultiDatabases() D:\\UwAmp\\UwAmp\\phpapps\\phpmyadmin\\server_databases.php:61, referer: http://localhost/mysql/server_databases.php?db=&token=f6f5316095fe2e731a3d407f23d04c7d
[Tue Sep 29 22:16:37.535121 2020] [php7:notice] [pid 13764:tid 1336] [client ::1:61313] PHP   3. include() D:\\UwAmp\\UwAmp\\phpapps\\phpmyadmin\\libraries\\server_databases.lib.php:482, referer: http://localhost/mysql/server_databases.php?db=&token=f6f5316095fe2e731a3d407f23d04c7d
[Tue Sep 29 22:16:37.535121 2020] [php7:notice] [pid 13764:tid 1336] [client ::1:61313] PHP   4. PMA_getQueryStrFromSelected() D:\\UwAmp\\UwAmp\\phpapps\\phpmyadmin\\libraries\\mult_submits.inc.php:236, referer: http://localhost/mysql/server_databases.php?db=&token=f6f5316095fe2e731a3d407f23d04c7d
[Tue Sep 29 22:16:37.535121 2020] [php7:notice] [pid 13764:tid 1336] [client ::1:61313] PHP   5. PMA_DatabaseInterface->query() D:\\UwAmp\\UwAmp\\phpapps\\phpmyadmin\\libraries\\mult_submits.lib.php:278, referer: http://localhost/mysql/server_databases.php?db=&token=f6f5316095fe2e731a3d407f23d04c7d
[Tue Sep 29 22:16:37.535121 2020] [php7:notice] [pid 13764:tid 1336] [client ::1:61313] PHP   6. PMA_DatabaseInterface->tryQuery() D:\\UwAmp\\UwAmp\\phpapps\\phpmyadmin\\libraries\\DatabaseInterface.class.php:94, referer: http://localhost/mysql/server_databases.php?db=&token=f6f5316095fe2e731a3d407f23d04c7d
[Tue Sep 29 22:16:37.535121 2020] [php7:notice] [pid 13764:tid 1336] [client ::1:61313] PHP   7. PMA_DBI_Mysqli->realQuery() D:\\UwAmp\\UwAmp\\phpapps\\phpmyadmin\\libraries\\DatabaseInterface.class.php:244, referer: http://localhost/mysql/server_databases.php?db=&token=f6f5316095fe2e731a3d407f23d04c7d
[Tue Sep 29 22:53:37.685789 2020] [ssl:warn] [pid 18540:tid 700] AH01906: main-serveur:443:0 server certificate is a CA certificate (BasicConstraints: CA == TRUE !?)
[Tue Sep 29 22:53:37.689831 2020] [ssl:warn] [pid 18540:tid 700] AH01909: main-serveur:443:0 server certificate does NOT include an ID which matches the server name
[Tue Sep 29 22:53:37.816438 2020] [core:warn] [pid 18540:tid 700] AH00098: pid file D:/UwAmp/UwAmp/bin/apache/logs/httpd.pid overwritten -- Unclean shutdown of previous Apache run?
[Tue Sep 29 22:53:37.960054 2020] [ssl:warn] [pid 18540:tid 700] AH01873: Init: Session Cache is not configured [hint: SSLSessionCache]
[Tue Sep 29 22:53:37.961051 2020] [ssl:warn] [pid 18540:tid 700] AH01906: main-serveur:443:0 server certificate is a CA certificate (BasicConstraints: CA == TRUE !?)
[Tue Sep 29 22:53:37.961051 2020] [ssl:warn] [pid 18540:tid 700] AH01909: main-serveur:443:0 server certificate does NOT include an ID which matches the server name
PHP Warning:  PHP Startup: Unable to load dynamic library 'curl' (tried: D:/UwAmp/UwAmp/bin/php/php-7.2.7/ext\\curl (The specified module could not be found.), D:/UwAmp/UwAmp/bin/php/php-7.2.7/ext\\php_curl.dll (The specified procedure could not be found.)) in Unknown on line 0
[Tue Sep 29 22:53:37.992967 2020] [mpm_winnt:notice] [pid 18540:tid 700] AH00455: Apache/2.4.18 (Win32) OpenSSL/1.0.2f PHP/7.2.7 configured -- resuming normal operations
[Tue Sep 29 22:53:37.992967 2020] [mpm_winnt:notice] [pid 18540:tid 700] AH00456: Server built: Jan 28 2016 09:58:25
[Tue Sep 29 22:53:37.992967 2020] [core:notice] [pid 18540:tid 700] AH00094: Command line: 'D:\\UwAmp\\UwAmp\\bin\\apache\\bin\\httpd.exe -d D:/UwAmp/UwAmp/bin/apache -f D:\\UwAmp\\UwAmp\\bin\\apache\\conf\\httpd.conf'
[Tue Sep 29 22:53:37.997955 2020] [mpm_winnt:notice] [pid 18540:tid 700] AH00418: Parent: Created child process 3136
[Tue Sep 29 22:53:39.225715 2020] [ssl:warn] [pid 3136:tid 564] AH01906: main-serveur:443:0 server certificate is a CA certificate (BasicConstraints: CA == TRUE !?)
[Tue Sep 29 22:53:39.227702 2020] [ssl:warn] [pid 3136:tid 564] AH01909: main-serveur:443:0 server certificate does NOT include an ID which matches the server name
[Tue Sep 29 22:53:39.578740 2020] [ssl:warn] [pid 3136:tid 564] AH01873: Init: Session Cache is not configured [hint: SSLSessionCache]
[Tue Sep 29 22:53:39.579726 2020] [ssl:warn] [pid 3136:tid 564] AH01906: main-serveur:443:0 server certificate is a CA certificate (BasicConstraints: CA == TRUE !?)
[Tue Sep 29 22:53:39.579726 2020] [ssl:warn] [pid 3136:tid 564] AH01909: main-serveur:443:0 server certificate does NOT include an ID which matches the server name
PHP Warning:  PHP Startup: Unable to load dynamic library 'curl' (tried: D:/UwAmp/UwAmp/bin/php/php-7.2.7/ext\\curl (The specified module could not be found.), D:/UwAmp/UwAmp/bin/php/php-7.2.7/ext\\php_curl.dll (The specified procedure could not be found.)) in Unknown on line 0
[Tue Sep 29 22:53:39.629593 2020] [mpm_winnt:notice] [pid 3136:tid 564] AH00354: Child: Starting 64 worker threads.
[Wed Sep 30 09:05:42.139530 2020] [ssl:warn] [pid 1904:tid 740] AH01906: main-serveur:443:0 server certificate is a CA certificate (BasicConstraints: CA == TRUE !?)
[Wed Sep 30 09:05:42.154567 2020] [ssl:warn] [pid 1904:tid 740] AH01909: main-serveur:443:0 server certificate does NOT include an ID which matches the server name
[Wed Sep 30 09:05:42.543622 2020] [core:warn] [pid 1904:tid 740] AH00098: pid file D:/UwAmp/UwAmp/bin/apache/logs/httpd.pid overwritten -- Unclean shutdown of previous Apache run?
[Wed Sep 30 09:05:42.725997 2020] [ssl:warn] [pid 1904:tid 740] AH01873: Init: Session Cache is not configured [hint: SSLSessionCache]
[Wed Sep 30 09:05:42.727621 2020] [ssl:warn] [pid 1904:tid 740] AH01906: main-serveur:443:0 server certificate is a CA certificate (BasicConstraints: CA == TRUE !?)
[Wed Sep 30 09:05:42.727621 2020] [ssl:warn] [pid 1904:tid 740] AH01909: main-serveur:443:0 server certificate does NOT include an ID which matches the server name
PHP Warning:  PHP Startup: Unable to load dynamic library 'curl' (tried: D:/UwAmp/UwAmp/bin/php/php-7.2.7/ext\\curl (The specified module could not be found.), D:/UwAmp/UwAmp/bin/php/php-7.2.7/ext\\php_curl.dll (The specified procedure could not be found.)) in Unknown on line 0
[Wed Sep 30 09:05:44.950785 2020] [mpm_winnt:notice] [pid 1904:tid 740] AH00455: Apache/2.4.18 (Win32) OpenSSL/1.0.2f PHP/7.2.7 configured -- resuming normal operations
[Wed Sep 30 09:05:44.950785 2020] [mpm_winnt:notice] [pid 1904:tid 740] AH00456: Server built: Jan 28 2016 09:58:25
[Wed Sep 30 09:05:44.950785 2020] [core:notice] [pid 1904:tid 740] AH00094: Command line: 'D:\\UwAmp\\UwAmp\\bin\\apache\\bin\\httpd.exe -d D:/UwAmp/UwAmp/bin/apache -f D:\\UwAmp\\UwAmp\\bin\\apache\\conf\\httpd.conf'
[Wed Sep 30 09:05:44.957805 2020] [mpm_winnt:notice] [pid 1904:tid 740] AH00418: Parent: Created child process 12272
[Wed Sep 30 09:05:46.278786 2020] [ssl:warn] [pid 12272:tid 704] AH01906: main-serveur:443:0 server certificate is a CA certificate (BasicConstraints: CA == TRUE !?)
[Wed Sep 30 09:05:46.280660 2020] [ssl:warn] [pid 12272:tid 704] AH01909: main-serveur:443:0 server certificate does NOT include an ID which matches the server name
[Wed Sep 30 09:05:46.644720 2020] [ssl:warn] [pid 12272:tid 704] AH01873: Init: Session Cache is not configured [hint: SSLSessionCache]
[Wed Sep 30 09:05:46.645751 2020] [ssl:warn] [pid 12272:tid 704] AH01906: main-serveur:443:0 server certificate is a CA certificate (BasicConstraints: CA == TRUE !?)
[Wed Sep 30 09:05:46.645751 2020] [ssl:warn] [pid 12272:tid 704] AH01909: main-serveur:443:0 server certificate does NOT include an ID which matches the server name
PHP Warning:  PHP Startup: Unable to load dynamic library 'curl' (tried: D:/UwAmp/UwAmp/bin/php/php-7.2.7/ext\\curl (The specified module could not be found.), D:/UwAmp/UwAmp/bin/php/php-7.2.7/ext\\php_curl.dll (The specified procedure could not be found.)) in Unknown on line 0
[Wed Sep 30 09:05:46.692654 2020] [mpm_winnt:notice] [pid 12272:tid 704] AH00354: Child: Starting 64 worker threads.
[Wed Sep 30 09:07:49.198680 2020] [mpm_winnt:crit] [pid 12272:tid 704] AH02538: Child: Parent process exited abruptly. Child process is ending
[Wed Sep 30 09:07:49.199674 2020] [mpm_winnt:warn] [pid 12272:tid 1536] (OS 995)The I/O operation has been aborted because of either a thread exit or an application request.  : AH00341: winnt_accept: Asynchronous AcceptEx failed.
[Wed Sep 30 09:07:49.199703 2020] [mpm_winnt:warn] [pid 12272:tid 1596] (OS 995)The I/O operation has been aborted because of either a thread exit or an application request.  : AH00341: winnt_accept: Asynchronous AcceptEx failed.
[Thu Oct 01 09:15:09.253979 2020] [ssl:warn] [pid 8212:tid 664] AH01906: main-serveur:443:0 server certificate is a CA certificate (BasicConstraints: CA == TRUE !?)
[Thu Oct 01 09:15:09.273928 2020] [ssl:warn] [pid 8212:tid 664] AH01909: main-serveur:443:0 server certificate does NOT include an ID which matches the server name
[Thu Oct 01 09:15:09.748473 2020] [core:warn] [pid 8212:tid 664] AH00098: pid file D:/UwAmp/UwAmp/bin/apache/logs/httpd.pid overwritten -- Unclean shutdown of previous Apache run?
[Thu Oct 01 09:15:09.848260 2020] [ssl:warn] [pid 8212:tid 664] AH01873: Init: Session Cache is not configured [hint: SSLSessionCache]
[Thu Oct 01 09:15:09.848260 2020] [ssl:warn] [pid 8212:tid 664] AH01906: main-serveur:443:0 server certificate is a CA certificate (BasicConstraints: CA == TRUE !?)
[Thu Oct 01 09:15:09.849257 2020] [ssl:warn] [pid 8212:tid 664] AH01909: main-serveur:443:0 server certificate does NOT include an ID which matches the server name
PHP Warning:  PHP Startup: Unable to load dynamic library 'curl' (tried: D:/UwAmp/UwAmp/bin/php/php-7.2.7/ext\\curl (The specified module could not be found.), D:/UwAmp/UwAmp/bin/php/php-7.2.7/ext\\php_curl.dll (The specified procedure could not be found.)) in Unknown on line 0
[Thu Oct 01 09:15:11.958855 2020] [mpm_winnt:notice] [pid 8212:tid 664] AH00455: Apache/2.4.18 (Win32) OpenSSL/1.0.2f PHP/7.2.7 configured -- resuming normal operations
[Thu Oct 01 09:15:11.958855 2020] [mpm_winnt:notice] [pid 8212:tid 664] AH00456: Server built: Jan 28 2016 09:58:25
[Thu Oct 01 09:15:11.958855 2020] [core:notice] [pid 8212:tid 664] AH00094: Command line: 'D:\\UwAmp\\UwAmp\\bin\\apache\\bin\\httpd.exe -d D:/UwAmp/UwAmp/bin/apache -f D:\\UwAmp\\UwAmp\\bin\\apache\\conf\\httpd.conf'
[Thu Oct 01 09:15:11.961849 2020] [mpm_winnt:notice] [pid 8212:tid 664] AH00418: Parent: Created child process 13088
[Thu Oct 01 09:15:13.077519 2020] [ssl:warn] [pid 13088:tid 680] AH01906: main-serveur:443:0 server certificate is a CA certificate (BasicConstraints: CA == TRUE !?)
[Thu Oct 01 09:15:13.078519 2020] [ssl:warn] [pid 13088:tid 680] AH01909: main-serveur:443:0 server certificate does NOT include an ID which matches the server name
[Thu Oct 01 09:15:13.276240 2020] [ssl:warn] [pid 13088:tid 680] AH01873: Init: Session Cache is not configured [hint: SSLSessionCache]
[Thu Oct 01 09:15:13.277271 2020] [ssl:warn] [pid 13088:tid 680] AH01906: main-serveur:443:0 server certificate is a CA certificate (BasicConstraints: CA == TRUE !?)
[Thu Oct 01 09:15:13.277271 2020] [ssl:warn] [pid 13088:tid 680] AH01909: main-serveur:443:0 server certificate does NOT include an ID which matches the server name
PHP Warning:  PHP Startup: Unable to load dynamic library 'curl' (tried: D:/UwAmp/UwAmp/bin/php/php-7.2.7/ext\\curl (The specified module could not be found.), D:/UwAmp/UwAmp/bin/php/php-7.2.7/ext\\php_curl.dll (The specified procedure could not be found.)) in Unknown on line 0
[Thu Oct 01 09:15:13.315031 2020] [mpm_winnt:notice] [pid 13088:tid 680] AH00354: Child: Starting 64 worker threads.
